{
  "stats": {
    "suites": 1,
    "tests": 9,
    "passes": 9,
    "pending": 0,
    "failures": 0,
    "start": "2021-10-30T15:15:36.197Z",
    "end": "2021-10-30T15:16:12.032Z",
    "duration": 35835,
    "testsRegistered": 9,
    "passPercent": 100,
    "pendingPercent": 0,
    "other": 0,
    "hasOther": false,
    "skipped": 0,
    "hasSkipped": false
  },
  "results": [
    {
      "uuid": "d51d10d7-94f8-4a92-ab43-c3e9fa7fa97b",
      "title": "",
      "fullFile": "cypress/integration/login/login.spec.js",
      "file": "cypress/integration/login/login.spec.js",
      "beforeHooks": [],
      "afterHooks": [],
      "tests": [],
      "suites": [
        {
          "uuid": "52007801-b299-412c-86d9-741b158e5357",
          "title": "Test login page",
          "fullFile": "",
          "file": "",
          "beforeHooks": [],
          "afterHooks": [],
          "tests": [
            {
              "title": "Check screen elements visible",
              "fullTitle": "Test login page Check screen elements visible",
              "timedOut": null,
              "duration": 1720,
              "state": "passed",
              "speed": "slow",
              "pass": true,
              "fail": false,
              "pending": false,
              "context": null,
              "code": "cy.get('label[for=\"email\"]').should('be.visible');\ncy.get('label[for=\"password\"]').should('be.visible');\ncy.get('input[name=\"email\"]').should('be.visible');\ncy.get('input[name=\"password\"]').should('be.visible');\ncy.get('input[name=\"remember\"]').should('be.visible');\ncy.get('button[type=\"submit\"]').should('be.visible');",
              "err": {},
              "uuid": "c48133ef-c574-457b-93fe-b1a18b1f64bb",
              "parentUUID": "52007801-b299-412c-86d9-741b158e5357",
              "isHook": false,
              "skipped": false
            },
            {
              "title": "Login with valid consultant account",
              "fullTitle": "Test login page Login with valid consultant account",
              "timedOut": null,
              "duration": 10885,
              "state": "passed",
              "speed": "slow",
              "pass": true,
              "fail": false,
              "pending": false,
              "context": null,
              "code": "cy.loginAs('consultant');",
              "err": {},
              "uuid": "36adadc7-692f-40b0-bc35-da484005fde4",
              "parentUUID": "52007801-b299-412c-86d9-741b158e5357",
              "isHook": false,
              "skipped": false
            },
            {
              "title": "Login with valid student account",
              "fullTitle": "Test login page Login with valid student account",
              "timedOut": null,
              "duration": 9688,
              "state": "passed",
              "speed": "slow",
              "pass": true,
              "fail": false,
              "pending": false,
              "context": null,
              "code": "cy.loginAs('student');",
              "err": {},
              "uuid": "cec88d3a-1d89-415f-925f-b4772317a9bf",
              "parentUUID": "52007801-b299-412c-86d9-741b158e5357",
              "isHook": false,
              "skipped": false
            },
            {
              "title": "Handle empty input",
              "fullTitle": "Test login page Handle empty input",
              "timedOut": null,
              "duration": 1077,
              "state": "passed",
              "speed": "slow",
              "pass": true,
              "fail": false,
              "pending": false,
              "context": null,
              "code": "cy.get('button[type=\"submit\"]').click();\ncy.url().then(url => cy.wrap(url).should('contains', 'login'));",
              "err": {},
              "uuid": "1b11580c-5faf-4c05-a1db-75d1995a7e1c",
              "parentUUID": "52007801-b299-412c-86d9-741b158e5357",
              "isHook": false,
              "skipped": false
            },
            {
              "title": "Handle empty email",
              "fullTitle": "Test login page Handle empty email",
              "timedOut": null,
              "duration": 1571,
              "state": "passed",
              "speed": "slow",
              "pass": true,
              "fail": false,
              "pending": false,
              "context": null,
              "code": "cy.get('input[name=\"password\"]').type(randomString());\ncy.get('button[type=\"submit\"]').click();\ncy.url().then(url => cy.wrap(url).should('contains', 'login'));",
              "err": {},
              "uuid": "b9896256-01e3-4895-9d4e-da811730c6f8",
              "parentUUID": "52007801-b299-412c-86d9-741b158e5357",
              "isHook": false,
              "skipped": false
            },
            {
              "title": "Handle empty password",
              "fullTitle": "Test login page Handle empty password",
              "timedOut": null,
              "duration": 2100,
              "state": "passed",
              "speed": "slow",
              "pass": true,
              "fail": false,
              "pending": false,
              "context": null,
              "code": "cy.get('input[name=\"email\"]').type(randomEmail());\ncy.get('button[type=\"submit\"]').click();\ncy.url().then(url => cy.wrap(url).should('contains', 'login'));",
              "err": {},
              "uuid": "a5c33307-925c-4b4c-b075-aa9786f2c33a",
              "parentUUID": "52007801-b299-412c-86d9-741b158e5357",
              "isHook": false,
              "skipped": false
            },
            {
              "title": "Validate email format",
              "fullTitle": "Test login page Validate email format",
              "timedOut": null,
              "duration": 2424,
              "state": "passed",
              "speed": "slow",
              "pass": true,
              "fail": false,
              "pending": false,
              "context": null,
              "code": "cy.get('input[name=\"email\"]').type(randomString());\ncy.get('input[name=\"password\"]').type(randomString());\ncy.get('button[type=\"submit\"]').click();\ncy.url().then(url => cy.wrap(url).should('contains', 'login'));",
              "err": {},
              "uuid": "3b2fc874-c077-45e6-96c5-eb800b8be536",
              "parentUUID": "52007801-b299-412c-86d9-741b158e5357",
              "isHook": false,
              "skipped": false
            },
            {
              "title": "Handle email does not exist",
              "fullTitle": "Test login page Handle email does not exist",
              "timedOut": null,
              "duration": 2734,
              "state": "passed",
              "speed": "slow",
              "pass": true,
              "fail": false,
              "pending": false,
              "context": null,
              "code": "cy.get('input[name=\"email\"]').type(randomEmail());\ncy.get('input[name=\"password\"]').type(randomString());\ncy.get('button[type=\"submit\"]').click().then(() => {\n  cy.get('ul.list-inside li').should('be.visible').then($label => expect($label).to.contain('Email hoặc mật khẩu không chính xác'));\n});",
              "err": {},
              "uuid": "9eced871-8cc1-4304-9f7d-6a49947240f4",
              "parentUUID": "52007801-b299-412c-86d9-741b158e5357",
              "isHook": false,
              "skipped": false
            },
            {
              "title": "Handle password does not match",
              "fullTitle": "Test login page Handle password does not match",
              "timedOut": null,
              "duration": 3171,
              "state": "passed",
              "speed": "slow",
              "pass": true,
              "fail": false,
              "pending": false,
              "context": null,
              "code": "cy.get('input[name=\"email\"]').type(Cypress.env('roles').consultant.email);\ncy.get('input[name=\"password\"]').type(randomString());\ncy.get('button[type=\"submit\"]').click().then(() => {\n  cy.get('ul.list-inside li').should('be.visible').then($label => expect($label).to.contain('Email hoặc mật khẩu không chính xác'));\n});",
              "err": {},
              "uuid": "456d1161-c637-41ac-b8f5-18a7acfa5989",
              "parentUUID": "52007801-b299-412c-86d9-741b158e5357",
              "isHook": false,
              "skipped": false
            }
          ],
          "suites": [],
          "passes": [
            "c48133ef-c574-457b-93fe-b1a18b1f64bb",
            "36adadc7-692f-40b0-bc35-da484005fde4",
            "cec88d3a-1d89-415f-925f-b4772317a9bf",
            "1b11580c-5faf-4c05-a1db-75d1995a7e1c",
            "b9896256-01e3-4895-9d4e-da811730c6f8",
            "a5c33307-925c-4b4c-b075-aa9786f2c33a",
            "3b2fc874-c077-45e6-96c5-eb800b8be536",
            "9eced871-8cc1-4304-9f7d-6a49947240f4",
            "456d1161-c637-41ac-b8f5-18a7acfa5989"
          ],
          "failures": [],
          "pending": [],
          "skipped": [],
          "duration": 35370,
          "root": false,
          "rootEmpty": false,
          "_timeout": 2000
        }
      ],
      "passes": [],
      "failures": [],
      "pending": [],
      "skipped": [],
      "duration": 0,
      "root": true,
      "rootEmpty": true,
      "_timeout": 2000
    }
  ],
  "meta": {
    "mocha": {
      "version": "7.0.1"
    },
    "mochawesome": {
      "options": {
        "quiet": false,
        "reportFilename": "mochawesome",
        "saveHtml": false,
        "saveJson": true,
        "consoleReporter": "spec",
        "useInlineDiffs": false,
        "code": true
      },
      "version": "6.3.1"
    },
    "marge": {
      "options": {
        "reportDir": "cypress/report/mocha",
        "overwrite": false,
        "html": false,
        "json": true,
        "timestamp": "mmddyyyy_HHMMss"
      },
      "version": "5.2.0"
    }
  }
}