{
  "stats": {
    "suites": 1,
    "tests": 13,
    "passes": 13,
    "pending": 0,
    "failures": 0,
    "start": "2021-10-30T15:12:27.357Z",
    "end": "2021-10-30T15:13:31.319Z",
    "duration": 63962,
    "testsRegistered": 13,
    "passPercent": 100,
    "pendingPercent": 0,
    "other": 0,
    "hasOther": false,
    "skipped": 0,
    "hasSkipped": false
  },
  "results": [
    {
      "uuid": "0a5d1414-d5d8-4c78-931d-ee4567ff50d5",
      "title": "",
      "fullFile": "cypress/integration/courses/courses.spec.js",
      "file": "cypress/integration/courses/courses.spec.js",
      "beforeHooks": [],
      "afterHooks": [],
      "tests": [],
      "suites": [
        {
          "uuid": "21d478ac-7a5b-4e7c-90d6-876347146215",
          "title": "Test courses page",
          "fullFile": "",
          "file": "",
          "beforeHooks": [],
          "afterHooks": [],
          "tests": [
            {
              "title": "Test screen name",
              "fullTitle": "Test courses page Test screen name",
              "timedOut": null,
              "duration": 8585,
              "state": "passed",
              "speed": "slow",
              "pass": true,
              "fail": false,
              "pending": false,
              "context": null,
              "code": "cy.get('.courses-title').should('contain', 'Môn học');",
              "err": {},
              "uuid": "8511e4db-d227-4303-8e0b-b0752dfdee3b",
              "parentUUID": "21d478ac-7a5b-4e7c-90d6-876347146215",
              "isHook": false,
              "skipped": false
            },
            {
              "title": "Check table filter default value",
              "fullTitle": "Test courses page Check table filter default value",
              "timedOut": null,
              "duration": 2479,
              "state": "passed",
              "speed": "slow",
              "pass": true,
              "fail": false,
              "pending": false,
              "context": null,
              "code": "cy.get('div[name=\"select1\"] select').should('contain', 'Mã môn học');\ncy.get('div[name=\"select2\"] select').should('contain', 'Tăng dần');\ncy.get('div[name=\"select3\"] select').should('contain', '10');",
              "err": {},
              "uuid": "73100698-e710-4379-8314-6984ab8b6af4",
              "parentUUID": "21d478ac-7a5b-4e7c-90d6-876347146215",
              "isHook": false,
              "skipped": false
            },
            {
              "title": "Add course button working",
              "fullTitle": "Test courses page Add course button working",
              "timedOut": null,
              "duration": 3606,
              "state": "passed",
              "speed": "slow",
              "pass": true,
              "fail": false,
              "pending": false,
              "context": null,
              "code": "cy.get('.add-course').click();\ncy.url().should('contain', 'course/create');",
              "err": {},
              "uuid": "b289bf52-0d6b-42bf-ae56-a1408e839af6",
              "parentUUID": "21d478ac-7a5b-4e7c-90d6-876347146215",
              "isHook": false,
              "skipped": false
            },
            {
              "title": "Check search input placeholder",
              "fullTitle": "Test courses page Check search input placeholder",
              "timedOut": null,
              "duration": 2041,
              "state": "passed",
              "speed": "slow",
              "pass": true,
              "fail": false,
              "pending": false,
              "context": null,
              "code": "cy.get('.courses-search').invoke('attr', 'placeholder').should('equal', 'Tìm kiếm tên, mã môn, năm học');",
              "err": {},
              "uuid": "a44f12c2-1407-4bde-a75a-41d86bcd68ab",
              "parentUUID": "21d478ac-7a5b-4e7c-90d6-876347146215",
              "isHook": false,
              "skipped": false
            },
            {
              "title": "Test table filters",
              "fullTitle": "Test courses page Test table filters",
              "timedOut": null,
              "duration": 11325,
              "state": "passed",
              "speed": "slow",
              "pass": true,
              "fail": false,
              "pending": false,
              "context": null,
              "code": "cy.get('div[name=\"select2\"] select').select('0').then(() => {\n  cy.get('div[name=\"select3\"] select').select('100').then(() => {\n    cy.wait(2000);\n    cy.get('tr td[class=\"id\"]').as('courseIds').its('length').then(length => {\n      if (length) {\n        cy.get('@courseIds').then(() => {\n          for (let i = 0; i < length - 1; i++) {\n            cy.get('@courseIds').eq(i).invoke('text').then(id => {\n              cy.get('@courseIds').eq(i + 1).invoke('text').then(id2 => expect(id2 < id).to.equal(true));\n            });\n          }\n        });\n      }\n    });\n  });\n});",
              "err": {},
              "uuid": "31e383d3-3f13-4320-a150-f31490e5c6fa",
              "parentUUID": "21d478ac-7a5b-4e7c-90d6-876347146215",
              "isHook": false,
              "skipped": false
            },
            {
              "title": "Search with random string",
              "fullTitle": "Test courses page Search with random string",
              "timedOut": null,
              "duration": 5467,
              "state": "passed",
              "speed": "slow",
              "pass": true,
              "fail": false,
              "pending": false,
              "context": null,
              "code": "cy.get('.courses-search').type(randomString()).then(() => {\n  cy.wait(2000);\n  cy.get('tr td[class=\"id\"]').should('not.exist');\n});",
              "err": {},
              "uuid": "4b2e6624-fb99-476c-b261-5f9ccb3b9599",
              "parentUUID": "21d478ac-7a5b-4e7c-90d6-876347146215",
              "isHook": false,
              "skipped": false
            },
            {
              "title": "Search courses by name",
              "fullTitle": "Test courses page Search courses by name",
              "timedOut": null,
              "duration": 4435,
              "state": "passed",
              "speed": "slow",
              "pass": true,
              "fail": false,
              "pending": false,
              "context": null,
              "code": "cy.get('tr td[class=\"name\"]').then($courseNames => {\n  const rand = randomBetween(0, $courseNames.length - 1);\n  cy.wrap($courseNames).eq(rand).invoke('text').then(name => {\n    cy.get('.courses-search').type(name).then(() => {\n      cy.wait(1000);\n      cy.get('tr td[class=\"name\"]').should('contain', name);\n    });\n  });\n});",
              "err": {},
              "uuid": "1ca842fc-cc66-447e-9c2b-70072e811b88",
              "parentUUID": "21d478ac-7a5b-4e7c-90d6-876347146215",
              "isHook": false,
              "skipped": false
            },
            {
              "title": "Search courses by id",
              "fullTitle": "Test courses page Search courses by id",
              "timedOut": null,
              "duration": 4237,
              "state": "passed",
              "speed": "slow",
              "pass": true,
              "fail": false,
              "pending": false,
              "context": null,
              "code": "cy.get('tr td[class=\"id\"]').then($courseIds => {\n  const rand = randomBetween(0, $courseIds.length - 1);\n  cy.wrap($courseIds).eq(rand).invoke('text').then(courseId => {\n    cy.get('.courses-search').type(courseId).then(() => {\n      cy.wait(1000);\n      cy.get('tr td[class=\"id\"]').should('contain', courseId);\n    });\n  });\n});",
              "err": {},
              "uuid": "7c6127e3-af6b-47ff-ac7e-1dc7c1a00755",
              "parentUUID": "21d478ac-7a5b-4e7c-90d6-876347146215",
              "isHook": false,
              "skipped": false
            },
            {
              "title": "Check table header",
              "fullTitle": "Test courses page Check table header",
              "timedOut": null,
              "duration": 2550,
              "state": "passed",
              "speed": "slow",
              "pass": true,
              "fail": false,
              "pending": false,
              "context": null,
              "code": "cy.get('tr > th').as('header');\ncy.get('@header').eq(0).should('contain', 'STT');\ncy.get('@header').eq(1).should('contain', 'Mã môn học');\ncy.get('@header').eq(2).should('contain', 'Tên môn học');\ncy.get('@header').eq(3).should('contain', 'Kì');\ncy.get('@header').eq(4).should('contain', 'Năm');\ncy.get('@header').eq(5).should('contain', 'Số tín chỉ');\ncy.get('@header').eq(6).should('contain', 'Hành động');",
              "err": {},
              "uuid": "f48843db-d670-4ff0-926a-aea322bcf12e",
              "parentUUID": "21d478ac-7a5b-4e7c-90d6-876347146215",
              "isHook": false,
              "skipped": false
            },
            {
              "title": "Hide table pagination when filter value greater than list courses length",
              "fullTitle": "Test courses page Hide table pagination when filter value greater than list courses length",
              "timedOut": null,
              "duration": 4394,
              "state": "passed",
              "speed": "slow",
              "pass": true,
              "fail": false,
              "pending": false,
              "context": null,
              "code": "cy.get('div[name=\"select3\"] select').select('100').then(() => {\n  cy.wait(2000);\n  cy.get('.page-link').should('not.exist');\n});",
              "err": {},
              "uuid": "de420a20-c80f-4118-8ad5-57c643fa4097",
              "parentUUID": "21d478ac-7a5b-4e7c-90d6-876347146215",
              "isHook": false,
              "skipped": false
            },
            {
              "title": "Show table pagination when filter value less than list courses length",
              "fullTitle": "Test courses page Show table pagination when filter value less than list courses length",
              "timedOut": null,
              "duration": 5170,
              "state": "passed",
              "speed": "slow",
              "pass": true,
              "fail": false,
              "pending": false,
              "context": null,
              "code": "cy.get('div[name=\"select3\"] select').select('10').then(() => {\n  cy.wait(2000);\n  cy.get('.page-link').should('exist');\n});",
              "err": {},
              "uuid": "a367bb9d-f101-4682-8df0-160fce5eb891",
              "parentUUID": "21d478ac-7a5b-4e7c-90d6-876347146215",
              "isHook": false,
              "skipped": false
            },
            {
              "title": "Check table pagination",
              "fullTitle": "Test courses page Check table pagination",
              "timedOut": null,
              "duration": 4120,
              "state": "passed",
              "speed": "slow",
              "pass": true,
              "fail": false,
              "pending": false,
              "context": null,
              "code": "cy.get('.page-link').then($pages => {\n  const rand = randomBetween(1, $pages.length - 2);\n  cy.wrap($pages).eq(rand).click().then(() => {\n    if (rand !== 1) {\n      cy.wait(2000);\n      cy.url().should('contain', `?page=${rand}`);\n    }\n  });\n});",
              "err": {},
              "uuid": "47953c1e-2f20-46a2-be79-47f8bd45485b",
              "parentUUID": "21d478ac-7a5b-4e7c-90d6-876347146215",
              "isHook": false,
              "skipped": false
            },
            {
              "title": "Edit button working",
              "fullTitle": "Test courses page Edit button working",
              "timedOut": null,
              "duration": 4273,
              "state": "passed",
              "speed": "slow",
              "pass": true,
              "fail": false,
              "pending": false,
              "context": null,
              "code": "cy.get('.edit-course').then($editBtns => {\n  const rand = randomBetween(0, $editBtns.length - 1);\n  cy.wrap($editBtns).eq(rand).click().then(() => cy.url().should('contain', 'edit'));\n});",
              "err": {},
              "uuid": "e9941b37-bc72-46d2-af74-2c4406442018",
              "parentUUID": "21d478ac-7a5b-4e7c-90d6-876347146215",
              "isHook": false,
              "skipped": false
            }
          ],
          "suites": [],
          "passes": [
            "8511e4db-d227-4303-8e0b-b0752dfdee3b",
            "73100698-e710-4379-8314-6984ab8b6af4",
            "b289bf52-0d6b-42bf-ae56-a1408e839af6",
            "a44f12c2-1407-4bde-a75a-41d86bcd68ab",
            "31e383d3-3f13-4320-a150-f31490e5c6fa",
            "4b2e6624-fb99-476c-b261-5f9ccb3b9599",
            "1ca842fc-cc66-447e-9c2b-70072e811b88",
            "7c6127e3-af6b-47ff-ac7e-1dc7c1a00755",
            "f48843db-d670-4ff0-926a-aea322bcf12e",
            "de420a20-c80f-4118-8ad5-57c643fa4097",
            "a367bb9d-f101-4682-8df0-160fce5eb891",
            "47953c1e-2f20-46a2-be79-47f8bd45485b",
            "e9941b37-bc72-46d2-af74-2c4406442018"
          ],
          "failures": [],
          "pending": [],
          "skipped": [],
          "duration": 62682,
          "root": false,
          "rootEmpty": false,
          "_timeout": 2000
        }
      ],
      "passes": [],
      "failures": [],
      "pending": [],
      "skipped": [],
      "duration": 0,
      "root": true,
      "rootEmpty": true,
      "_timeout": 2000
    }
  ],
  "meta": {
    "mocha": {
      "version": "7.0.1"
    },
    "mochawesome": {
      "options": {
        "quiet": false,
        "reportFilename": "mochawesome",
        "saveHtml": false,
        "saveJson": true,
        "consoleReporter": "spec",
        "useInlineDiffs": false,
        "code": true
      },
      "version": "6.3.1"
    },
    "marge": {
      "options": {
        "reportDir": "cypress/report/mocha",
        "overwrite": false,
        "html": false,
        "json": true,
        "timestamp": "mmddyyyy_HHMMss"
      },
      "version": "5.2.0"
    }
  }
}