{
  "stats": {
    "suites": 1,
    "tests": 12,
    "passes": 12,
    "pending": 0,
    "failures": 0,
    "start": "2021-10-30T15:23:00.173Z",
    "end": "2021-10-30T15:24:30.861Z",
    "duration": 90688,
    "testsRegistered": 12,
    "passPercent": 100,
    "pendingPercent": 0,
    "other": 0,
    "hasOther": false,
    "skipped": 0,
    "hasSkipped": false
  },
  "results": [
    {
      "uuid": "91088846-eddb-4e9a-9038-65aae17fdd87",
      "title": "",
      "fullFile": "cypress/integration/transcript/transcript_report.spec.js",
      "file": "cypress/integration/transcript/transcript_report.spec.js",
      "beforeHooks": [],
      "afterHooks": [],
      "tests": [],
      "suites": [
        {
          "uuid": "f6e8bdc4-e05b-45cc-bd3a-68c8fb564106",
          "title": "Test view grade page",
          "fullFile": "",
          "file": "",
          "beforeHooks": [],
          "afterHooks": [],
          "tests": [
            {
              "title": "Test screen name",
              "fullTitle": "Test view grade page Test screen name",
              "timedOut": null,
              "duration": 12661,
              "state": "passed",
              "speed": "slow",
              "pass": true,
              "fail": false,
              "pending": false,
              "context": null,
              "code": "cy.get('.grade-title').should('contain', 'Kết quả học tập');",
              "err": {},
              "uuid": "6ac99ebd-6fd3-48d9-a9cc-88ed14952461",
              "parentUUID": "f6e8bdc4-e05b-45cc-bd3a-68c8fb564106",
              "isHook": false,
              "skipped": false
            },
            {
              "title": "Check table filter default value",
              "fullTitle": "Test view grade page Check table filter default value",
              "timedOut": null,
              "duration": 3162,
              "state": "passed",
              "speed": "slow",
              "pass": true,
              "fail": false,
              "pending": false,
              "context": null,
              "code": "cy.get('div[name=\"select1\"] select').should('contain', 'MSV');\ncy.get('div[name=\"select2\"] select').should('contain', 'Tăng dần');\ncy.get('div[name=\"select3\"] select').should('contain', '10');\ncy.get('div[name=\"select4\"] select').should('contain', 'Tất cả các lớp');",
              "err": {},
              "uuid": "a74c3a9d-9893-42e2-80a1-feba36e35bda",
              "parentUUID": "f6e8bdc4-e05b-45cc-bd3a-68c8fb564106",
              "isHook": false,
              "skipped": false
            },
            {
              "title": "Check search input placeholder",
              "fullTitle": "Test view grade page Check search input placeholder",
              "timedOut": null,
              "duration": 2283,
              "state": "passed",
              "speed": "slow",
              "pass": true,
              "fail": false,
              "pending": false,
              "context": null,
              "code": "cy.get('.grade-search').invoke('attr', 'placeholder').should('equal', 'Tìm kiếm tên hoặc mã sinh viên');",
              "err": {},
              "uuid": "7176dd84-68de-4a23-b7a8-53727716ba80",
              "parentUUID": "f6e8bdc4-e05b-45cc-bd3a-68c8fb564106",
              "isHook": false,
              "skipped": false
            },
            {
              "title": "Test table filter - sort by",
              "fullTitle": "Test view grade page Test table filter - sort by",
              "timedOut": null,
              "duration": 7986,
              "state": "passed",
              "speed": "slow",
              "pass": true,
              "fail": false,
              "pending": false,
              "context": null,
              "code": "cy.get('div[name=\"select2\"] select').as('sortASC');\ncy.get('div[name=\"select1\"] select').as('sortBy');\ncy.get('div[name=\"select1\"] select option').as('options').its('length').then(length => {\n  const rand = randomBetween(0, length - 1);\n  cy.get('@options').eq(rand).invoke('attr', 'value').then(value => {\n    cy.get('@sortBy').select(value);\n    cy.wait(1000);\n    cy.get(`tr td.${value}`).as('filteredList').its('length').then(len => {\n      if (len) {\n        for (let i = 0; i < len - 1; i++) {\n          cy.get('@filteredList').eq(i).invoke('text').then(value => {\n            cy.get('@filteredList').eq(i + 1).invoke('text').then(value2 => {\n              cy.get('@sortASC').invoke('val').then(ascending => {\n                const asc = !!parseInt(ascending);\n                expect(value2 >= value || parseInt(value2) > parseInt(value) || !!value2.localeCompare(value)).to.equal(asc);\n              });\n            });\n          });\n        }\n      }\n    });\n  }); // cy.get('@options')\n  //   .eq(rand)\n  //   .invoke('attr', 'data-test')\n  //   .then(slug => {\n  //   })\n});",
              "err": {},
              "uuid": "86fd2fe0-8f89-499b-b1ed-90e4d51ea74b",
              "parentUUID": "f6e8bdc4-e05b-45cc-bd3a-68c8fb564106",
              "isHook": false,
              "skipped": false
            },
            {
              "title": "Test table filter - class filter",
              "fullTitle": "Test view grade page Test table filter - class filter",
              "timedOut": null,
              "duration": 5316,
              "state": "passed",
              "speed": "slow",
              "pass": true,
              "fail": false,
              "pending": false,
              "context": null,
              "code": "cy.get('div[name=\"select4\"] select').as('classFilter').find('option').then($options => {\n  const rand = randomBetween(0, $options.length - 1);\n  cy.wrap($options).eq(rand).invoke('text').then(className => {\n    cy.get('@classFilter').select(className);\n    cy.wait(1000);\n    cy.get('.class-name').as('filteredList').its('length').then(length => {\n      for (let i = 0; i < length - 1; i++) {\n        cy.get('@filteredList').eq(i).should('contain', className);\n      }\n    });\n  });\n});",
              "err": {},
              "uuid": "cbf75db0-226f-47f3-9299-7e762424f54c",
              "parentUUID": "f6e8bdc4-e05b-45cc-bd3a-68c8fb564106",
              "isHook": false,
              "skipped": false
            },
            {
              "title": "Test table filter - showing records",
              "fullTitle": "Test view grade page Test table filter - showing records",
              "timedOut": null,
              "duration": 2666,
              "state": "passed",
              "speed": "slow",
              "pass": true,
              "fail": false,
              "pending": false,
              "context": null,
              "code": "cy.get('div[name=\"select3\"] select').invoke('val').then(value => {\n  const perPage = parseInt(value);\n  cy.get('tr td[class=\"msv\"]').its('length').then(length => assert.isAtMost(length, perPage));\n});",
              "err": {},
              "uuid": "0b28353e-3e88-47e1-9cf2-49bbc2b9c30f",
              "parentUUID": "f6e8bdc4-e05b-45cc-bd3a-68c8fb564106",
              "isHook": false,
              "skipped": false
            },
            {
              "title": "Test table filters",
              "fullTitle": "Test view grade page Test table filters",
              "timedOut": null,
              "duration": 27156,
              "state": "passed",
              "speed": "slow",
              "pass": true,
              "fail": false,
              "pending": false,
              "context": null,
              "code": "const DELAY = 500;\nconst perPage = 25;\nconst className = 'QH-2019-I/CQ-J';\ncy.get('div[name=\"select2\"] select').select('0');\ncy.get('div[name=\"select3\"] select').select(`${perPage}`);\ncy.get('div[name=\"select4\"] select').select(className);\ncy.wait(DELAY);\ncy.get('tr td[class=\"msv\"]').as('list').should('have.length', perPage).then(() => {\n  for (let i = 0; i < perPage - 1; i++) {\n    cy.get('@list').eq(i).invoke('text').then(value => {\n      cy.get('@list').eq(i + 1).invoke('text').then(value2 => {\n        expect(value2 < value).to.equal(true);\n      });\n    });\n  }\n});\ncy.get('tr td.class-name').as('classes').its('length').then(length => {\n  for (let i = 0; i < length; i++) {\n    cy.get('@classes').eq(i).should('contain', className);\n  }\n});",
              "err": {},
              "uuid": "baa31ca0-4412-433f-9217-7dc30b033ca3",
              "parentUUID": "f6e8bdc4-e05b-45cc-bd3a-68c8fb564106",
              "isHook": false,
              "skipped": false
            },
            {
              "title": "Search with random string",
              "fullTitle": "Test view grade page Search with random string",
              "timedOut": null,
              "duration": 3927,
              "state": "passed",
              "speed": "slow",
              "pass": true,
              "fail": false,
              "pending": false,
              "context": null,
              "code": "cy.get('.grade-search').type(randomString()).then(() => {\n  cy.wait(1000);\n  cy.get('tr td[class=\"msv\"]').should('not.exist');\n});",
              "err": {},
              "uuid": "06b84e32-c6ae-427a-92a4-899c2d2f90c8",
              "parentUUID": "f6e8bdc4-e05b-45cc-bd3a-68c8fb564106",
              "isHook": false,
              "skipped": false
            },
            {
              "title": "Search student by name",
              "fullTitle": "Test view grade page Search student by name",
              "timedOut": null,
              "duration": 4100,
              "state": "passed",
              "speed": "slow",
              "pass": true,
              "fail": false,
              "pending": false,
              "context": null,
              "code": "cy.get('tr td.name').then($names => {\n  const rand = randomBetween(0, $names.length - 1);\n  cy.wrap($names).eq(rand).invoke('text').then(name => {\n    cy.get('.grade-search').type(name).then(() => {\n      cy.wait(1000);\n      cy.get('tr td.name').should('contain', name);\n    });\n  });\n});",
              "err": {},
              "uuid": "c711d84e-54cb-46bd-9d01-d33a02637c6d",
              "parentUUID": "f6e8bdc4-e05b-45cc-bd3a-68c8fb564106",
              "isHook": false,
              "skipped": false
            },
            {
              "title": "Search student by id",
              "fullTitle": "Test view grade page Search student by id",
              "timedOut": null,
              "duration": 4152,
              "state": "passed",
              "speed": "slow",
              "pass": true,
              "fail": false,
              "pending": false,
              "context": null,
              "code": "cy.get('tr td.msv').then($ids => {\n  const rand = randomBetween(0, $ids.length - 1);\n  cy.wrap($ids).eq(rand).invoke('text').then(id => {\n    cy.get('.grade-search').type(id).then(() => {\n      cy.wait(1000);\n      cy.get('tr td.msv').should('contain', id);\n    });\n  });\n});",
              "err": {},
              "uuid": "de738ef9-53f2-4cdf-8be3-acdab2584835",
              "parentUUID": "f6e8bdc4-e05b-45cc-bd3a-68c8fb564106",
              "isHook": false,
              "skipped": false
            },
            {
              "title": "Check table header",
              "fullTitle": "Test view grade page Check table header",
              "timedOut": null,
              "duration": 7615,
              "state": "passed",
              "speed": "slow",
              "pass": true,
              "fail": false,
              "pending": false,
              "context": null,
              "code": "cy.get('tr > th').as('header');\ncy.get('@header').eq(0).should('contain', 'Mã SV');\ncy.get('@header').eq(1).should('contain', 'Tên SV');\ncy.get('@header').eq(2).should('contain', 'Lớp');\ncy.get('@header').eq(3).should('contain', 'Số TC tích lũy');\ncy.get('@header').eq(4).should('contain', 'GPA');\ncy.get('@header').eq(5).should('contain', 'Số TC đang nợ');\ncy.get('@header').eq(6).should('contain', 'Số lần nhắc nhở');",
              "err": {},
              "uuid": "e778e054-440f-46e9-be4c-39b08890a0dd",
              "parentUUID": "f6e8bdc4-e05b-45cc-bd3a-68c8fb564106",
              "isHook": false,
              "skipped": false
            },
            {
              "title": "Check table pagination",
              "fullTitle": "Test view grade page Check table pagination",
              "timedOut": null,
              "duration": 6074,
              "state": "passed",
              "speed": "slow",
              "pass": true,
              "fail": false,
              "pending": false,
              "context": null,
              "code": "cy.get('.page-link').then($pages => {\n  const rand = randomBetween(1, $pages.length - 2);\n  cy.wrap($pages).eq(rand).click().then(() => {\n    if (rand !== 1) {\n      cy.wait(1000);\n      cy.url().should('contain', `?page=${rand}`);\n    }\n  });\n});",
              "err": {},
              "uuid": "82b708d4-32d1-4ee4-b13a-df3f901e23e9",
              "parentUUID": "f6e8bdc4-e05b-45cc-bd3a-68c8fb564106",
              "isHook": false,
              "skipped": false
            }
          ],
          "suites": [],
          "passes": [
            "6ac99ebd-6fd3-48d9-a9cc-88ed14952461",
            "a74c3a9d-9893-42e2-80a1-feba36e35bda",
            "7176dd84-68de-4a23-b7a8-53727716ba80",
            "86fd2fe0-8f89-499b-b1ed-90e4d51ea74b",
            "cbf75db0-226f-47f3-9299-7e762424f54c",
            "0b28353e-3e88-47e1-9cf2-49bbc2b9c30f",
            "baa31ca0-4412-433f-9217-7dc30b033ca3",
            "06b84e32-c6ae-427a-92a4-899c2d2f90c8",
            "c711d84e-54cb-46bd-9d01-d33a02637c6d",
            "de738ef9-53f2-4cdf-8be3-acdab2584835",
            "e778e054-440f-46e9-be4c-39b08890a0dd",
            "82b708d4-32d1-4ee4-b13a-df3f901e23e9"
          ],
          "failures": [],
          "pending": [],
          "skipped": [],
          "duration": 87098,
          "root": false,
          "rootEmpty": false,
          "_timeout": 2000
        }
      ],
      "passes": [],
      "failures": [],
      "pending": [],
      "skipped": [],
      "duration": 0,
      "root": true,
      "rootEmpty": true,
      "_timeout": 2000
    }
  ],
  "meta": {
    "mocha": {
      "version": "7.0.1"
    },
    "mochawesome": {
      "options": {
        "quiet": false,
        "reportFilename": "mochawesome",
        "saveHtml": false,
        "saveJson": true,
        "consoleReporter": "spec",
        "useInlineDiffs": false,
        "code": true
      },
      "version": "6.3.1"
    },
    "marge": {
      "options": {
        "reportDir": "cypress/report/mocha",
        "overwrite": false,
        "html": false,
        "json": true,
        "timestamp": "mmddyyyy_HHMMss"
      },
      "version": "5.2.0"
    }
  }
}