{
  "stats": {
    "suites": 4,
    "tests": 14,
    "passes": 13,
    "pending": 0,
    "failures": 1,
    "start": "2021-10-30T15:18:44.608Z",
    "end": "2021-10-30T15:19:43.370Z",
    "duration": 58762,
    "testsRegistered": 14,
    "passPercent": 92.85714285714286,
    "pendingPercent": 0,
    "other": 0,
    "hasOther": false,
    "skipped": 0,
    "hasSkipped": false
  },
  "results": [
    {
      "uuid": "a7e3a04d-02e1-42e0-8eb9-005e4eb8235f",
      "title": "",
      "fullFile": "cypress/integration/statistic/statistic.spec.js",
      "file": "cypress/integration/statistic/statistic.spec.js",
      "beforeHooks": [],
      "afterHooks": [],
      "tests": [],
      "suites": [
        {
          "uuid": "03f8ce56-6184-4b7e-aad8-bd314217e9c4",
          "title": "Chart",
          "fullFile": "",
          "file": "",
          "beforeHooks": [],
          "afterHooks": [],
          "tests": [
            {
              "title": "Check the content of the chart title",
              "fullTitle": "Chart Check the content of the chart title",
              "timedOut": null,
              "duration": 10828,
              "state": "passed",
              "speed": "slow",
              "pass": true,
              "fail": false,
              "pending": false,
              "context": null,
              "code": "cy.get('[data-cy=chart-wrapper] > :nth-child(1) > .card > .card-body > .card-title').should('be.visible').should('contain.text', 'Bảng thống kê học lực của sinh viên '); //   .should('contain.', 'Bảng Thống Kê Học Lực Của Sinh Viên')\n//   .contains('Bảng Thống Kê Học Lực Của Sinh Viên')",
              "err": {},
              "uuid": "310ea626-5e4d-4361-b1c4-1fbec618d3af",
              "parentUUID": "03f8ce56-6184-4b7e-aad8-bd314217e9c4",
              "isHook": false,
              "skipped": false
            },
            {
              "title": "Check filter display",
              "fullTitle": "Chart Check filter display",
              "timedOut": null,
              "duration": 3440,
              "state": "passed",
              "speed": "slow",
              "pass": true,
              "fail": false,
              "pending": false,
              "context": null,
              "code": "cy.get('.chart-header').should('be.visible');\ncy.get('.chart-header > :nth-child(1) > .text-center').should('be.visible').then(element => {\n  expect(element.text()).to.equals('---Chọn loại biểu đồ---');\n});\ncy.get('.chart-header > :nth-child(2) > .text-center').should('be.visible').then(element => {\n  expect(element.text()).to.equals('---Chọn lớp học---');\n});",
              "err": {},
              "uuid": "5b605781-2d82-4196-910a-60ee7ec5c56a",
              "parentUUID": "03f8ce56-6184-4b7e-aad8-bd314217e9c4",
              "isHook": false,
              "skipped": false
            },
            {
              "title": "Check default value chart type ",
              "fullTitle": "Chart Check default value chart type ",
              "timedOut": null,
              "duration": 2944,
              "state": "passed",
              "speed": "slow",
              "pass": true,
              "fail": false,
              "pending": false,
              "context": null,
              "code": "cy.get('#select2-select-chart-type-container').should('be.visible').should('contain.text', 'Biểu đồ dạng cột');",
              "err": {},
              "uuid": "b54da784-5258-4c1a-8f03-c5c8be0952f4",
              "parentUUID": "03f8ce56-6184-4b7e-aad8-bd314217e9c4",
              "isHook": false,
              "skipped": false
            },
            {
              "title": "Check default classe",
              "fullTitle": "Chart Check default classe",
              "timedOut": null,
              "duration": 2491,
              "state": "passed",
              "speed": "slow",
              "pass": true,
              "fail": false,
              "pending": false,
              "context": null,
              "code": "cy.get('#select2-select-class-container').should('be.visible').should('contain.text', 'QH-2019-I/CQ-C-B');",
              "err": {},
              "uuid": "f14ee127-22dd-4694-a150-de5196cdddbe",
              "parentUUID": "03f8ce56-6184-4b7e-aad8-bd314217e9c4",
              "isHook": false,
              "skipped": false
            },
            {
              "title": "Get API data",
              "fullTitle": "Chart Get API data",
              "timedOut": null,
              "duration": 2919,
              "state": "passed",
              "speed": "slow",
              "pass": true,
              "fail": false,
              "pending": false,
              "context": null,
              "code": "cy.intercept('GET', '/statistical');",
              "err": {},
              "uuid": "f8ca14d8-93c9-4c35-a9f4-5a3e957cdc9a",
              "parentUUID": "03f8ce56-6184-4b7e-aad8-bd314217e9c4",
              "isHook": false,
              "skipped": false
            },
            {
              "title": "When choosing radar chart",
              "fullTitle": "Chart When choosing radar chart",
              "timedOut": null,
              "duration": 5046,
              "state": "passed",
              "speed": "slow",
              "pass": true,
              "fail": false,
              "pending": false,
              "context": null,
              "code": "cy.get('#select2-select-chart-type-container').click().as('clicked').then(() => {\n  cy.get('.select2-results__options').children().contains('Biểu đồ Radar').click().then(() => {\n    cy.get('#select2-select-chart-type-container').contains('Biểu đồ Radar').should('be.visible');\n  });\n  cy.contains('Biểu đồ Radar').should('be.visible');\n});",
              "err": {},
              "uuid": "d55a893d-e6f1-4f39-b528-ee5da35f8ce3",
              "parentUUID": "03f8ce56-6184-4b7e-aad8-bd314217e9c4",
              "isHook": false,
              "skipped": false
            },
            {
              "title": "When choosing line chart",
              "fullTitle": "Chart When choosing line chart",
              "timedOut": null,
              "duration": 4086,
              "state": "passed",
              "speed": "slow",
              "pass": true,
              "fail": false,
              "pending": false,
              "context": null,
              "code": "cy.get('#select2-select-chart-type-container').click().as('clicked').then(() => {\n  cy.get('.select2-results__options').children().contains('Biểu đồ dạng đường').click().then(() => {\n    cy.get('#select2-select-chart-type-container').contains('Biểu đồ dạng đường').should('be.visible');\n  });\n  cy.contains('Biểu đồ dạng đường').should('be.visible');\n});",
              "err": {},
              "uuid": "b8e82ee4-1415-4f8e-8ff7-788f1e1ff30a",
              "parentUUID": "03f8ce56-6184-4b7e-aad8-bd314217e9c4",
              "isHook": false,
              "skipped": false
            },
            {
              "title": "When choosing area chart",
              "fullTitle": "Chart When choosing area chart",
              "timedOut": null,
              "duration": 3987,
              "state": "passed",
              "speed": "slow",
              "pass": true,
              "fail": false,
              "pending": false,
              "context": null,
              "code": "cy.get('#select2-select-chart-type-container').click().as('clicked').then(() => {\n  cy.get('.select2-results__options').children().contains('Biểu đồ vùng cực').click().then(() => {\n    cy.get('#select2-select-chart-type-container').contains('Biểu đồ vùng cực').should('be.visible');\n  });\n  cy.contains('Biểu đồ vùng cực').should('be.visible');\n});",
              "err": {},
              "uuid": "2d4a31d4-1e43-4bfe-b051-32f8ea2eb4c7",
              "parentUUID": "03f8ce56-6184-4b7e-aad8-bd314217e9c4",
              "isHook": false,
              "skipped": false
            }
          ],
          "suites": [],
          "passes": [
            "310ea626-5e4d-4361-b1c4-1fbec618d3af",
            "5b605781-2d82-4196-910a-60ee7ec5c56a",
            "b54da784-5258-4c1a-8f03-c5c8be0952f4",
            "f14ee127-22dd-4694-a150-de5196cdddbe",
            "f8ca14d8-93c9-4c35-a9f4-5a3e957cdc9a",
            "d55a893d-e6f1-4f39-b528-ee5da35f8ce3",
            "b8e82ee4-1415-4f8e-8ff7-788f1e1ff30a",
            "2d4a31d4-1e43-4bfe-b051-32f8ea2eb4c7"
          ],
          "failures": [],
          "pending": [],
          "skipped": [],
          "duration": 35741,
          "root": false,
          "rootEmpty": false,
          "_timeout": 2000
        },
        {
          "uuid": "39ce4a27-294e-4b52-9d6b-75871fbb62c5",
          "title": "Tabel of classes lack of tuition tatble ",
          "fullFile": "",
          "file": "",
          "beforeHooks": [],
          "afterHooks": [],
          "tests": [
            {
              "title": "Check the content of the chart title",
              "fullTitle": "Tabel of classes lack of tuition tatble  Check the content of the chart title",
              "timedOut": null,
              "duration": 2697,
              "state": "passed",
              "speed": "slow",
              "pass": true,
              "fail": false,
              "pending": false,
              "context": null,
              "code": "cy.get('[data-cy=lack-tuition-table-classes]').should('be.visible').children().should('be.visible');\ncy.get('[data-cy=lack-tuition-table-classes] > .col-md-12 > .card > .card-body > .card-title').should('be.visible');\ncy.get('.table-responsive thead').eq(0).children('tr').children('th').should('have.length', 4).should('contain.text', 'Tên lớp họcTổng học phíHạn chót nộp học phíTrạng thái');",
              "err": {},
              "uuid": "f6ab46d8-b736-46b0-8341-10063250a83c",
              "parentUUID": "39ce4a27-294e-4b52-9d6b-75871fbb62c5",
              "isHook": false,
              "skipped": false
            },
            {
              "title": "Check the total tuition fee of any class",
              "fullTitle": "Tabel of classes lack of tuition tatble  Check the total tuition fee of any class",
              "timedOut": null,
              "duration": 2339,
              "state": "passed",
              "speed": "slow",
              "pass": true,
              "fail": false,
              "pending": false,
              "context": null,
              "code": "cy.get('.table-responsive tbody').eq(0).children().each(item => {\n  expect(item[0].innerText).not.null;\n});",
              "err": {},
              "uuid": "58d6da05-2c83-4567-b5ac-85fdd09ae1a7",
              "parentUUID": "39ce4a27-294e-4b52-9d6b-75871fbb62c5",
              "isHook": false,
              "skipped": false
            }
          ],
          "suites": [],
          "passes": [
            "f6ab46d8-b736-46b0-8341-10063250a83c",
            "58d6da05-2c83-4567-b5ac-85fdd09ae1a7"
          ],
          "failures": [],
          "pending": [],
          "skipped": [],
          "duration": 5036,
          "root": false,
          "rootEmpty": false,
          "_timeout": 2000
        },
        {
          "uuid": "5df34742-efd2-4df1-915f-78245b640c74",
          "title": "Tabel of students lack of tuition table ",
          "fullFile": "",
          "file": "",
          "beforeHooks": [],
          "afterHooks": [],
          "tests": [
            {
              "title": "Check the content of table",
              "fullTitle": "Tabel of students lack of tuition table  Check the content of table",
              "timedOut": null,
              "duration": 2561,
              "state": "passed",
              "speed": "slow",
              "pass": true,
              "fail": false,
              "pending": false,
              "context": null,
              "code": "cy.get('[data-cy=lack-tuition-table-students]');\ncy.get('.table-responsive thead').eq(1).children('tr').children('th').should('have.length', 7).should('contain.text', 'Họ và tênMã số sinh viênLớpTổng học phíĐã nộpCòn thiếuNhắc nhở');",
              "err": {},
              "uuid": "7665e6b7-e9ee-46e0-969a-d822b39734d9",
              "parentUUID": "5df34742-efd2-4df1-915f-78245b640c74",
              "isHook": false,
              "skipped": false
            },
            {
              "title": "Check the total tuition fee of any class",
              "fullTitle": "Tabel of students lack of tuition table  Check the total tuition fee of any class",
              "timedOut": null,
              "duration": 8102,
              "state": "passed",
              "speed": "slow",
              "pass": true,
              "fail": false,
              "pending": false,
              "context": null,
              "code": "cy.get('.table-responsive tbody').eq(1).children().each(item => {\n  expect(item[0].innerText).not.null;\n  expect(item[0].innerText).contain('Nhắc nhở');\n});",
              "err": {},
              "uuid": "439289be-86d3-4d53-9a93-9164eca09465",
              "parentUUID": "5df34742-efd2-4df1-915f-78245b640c74",
              "isHook": false,
              "skipped": false
            }
          ],
          "suites": [],
          "passes": [
            "7665e6b7-e9ee-46e0-969a-d822b39734d9",
            "439289be-86d3-4d53-9a93-9164eca09465"
          ],
          "failures": [],
          "pending": [],
          "skipped": [],
          "duration": 10663,
          "root": false,
          "rootEmpty": false,
          "_timeout": 2000
        },
        {
          "uuid": "921c0629-2a5b-4fdc-ae21-d72c2e2d85f8",
          "title": "Table of students at risk of falling out of school",
          "fullFile": "",
          "file": "",
          "beforeHooks": [],
          "afterHooks": [],
          "tests": [
            {
              "title": "Check the content of table",
              "fullTitle": "Table of students at risk of falling out of school Check the content of table",
              "timedOut": null,
              "duration": 2435,
              "state": "passed",
              "speed": "slow",
              "pass": true,
              "fail": false,
              "pending": false,
              "context": null,
              "code": "cy.get('[data-cy=force-quite]');\ncy.get('.table-responsive thead').eq(2).children('tr').children('th').should('have.length', 8).should('contain.text', 'Họ và tênMã số sinh viênLớpGPASố tín đang nợSố lần cảnh báoNămCảnh báo');",
              "err": {},
              "uuid": "64758652-f261-4dba-b77a-2cc1712e3c22",
              "parentUUID": "921c0629-2a5b-4fdc-ae21-d72c2e2d85f8",
              "isHook": false,
              "skipped": false
            },
            {
              "title": "Check the total tuition fee of any class",
              "fullTitle": "Table of students at risk of falling out of school Check the total tuition fee of any class",
              "timedOut": null,
              "duration": 3346,
              "state": "failed",
              "speed": null,
              "pass": false,
              "fail": true,
              "pending": false,
              "context": "\"assets/statistic/statistic.spec.js/Table of students at risk of falling out of school -- Check the total tuition fee of any class (failed).png\"",
              "code": "cy.get('.table-responsive tbody').eq(2).children().each(item => {\n  expect(item[0].innerText).not.null;\n  expect(item[0].innerText).contain('Cảnh báo');\n});",
              "err": {
                "message": "AssertionError: expected '' to include 'Cảnh báo'",
                "estack": "AssertionError: expected '' to include 'Cảnh báo'\n    at Context.eval (http://localhost:8000/__cypress/tests?p=cypress/integration/statistic/statistic.spec.js:184:33)",
                "diff": null
              },
              "uuid": "970382d5-489b-4c06-b7ae-8d8cd8bc59ae",
              "parentUUID": "921c0629-2a5b-4fdc-ae21-d72c2e2d85f8",
              "isHook": false,
              "skipped": false
            }
          ],
          "suites": [],
          "passes": [
            "64758652-f261-4dba-b77a-2cc1712e3c22"
          ],
          "failures": [
            "970382d5-489b-4c06-b7ae-8d8cd8bc59ae"
          ],
          "pending": [],
          "skipped": [],
          "duration": 5781,
          "root": false,
          "rootEmpty": false,
          "_timeout": 2000
        }
      ],
      "passes": [],
      "failures": [],
      "pending": [],
      "skipped": [],
      "duration": 0,
      "root": true,
      "rootEmpty": true,
      "_timeout": 2000
    }
  ],
  "meta": {
    "mocha": {
      "version": "7.0.1"
    },
    "mochawesome": {
      "options": {
        "quiet": false,
        "reportFilename": "mochawesome",
        "saveHtml": false,
        "saveJson": true,
        "consoleReporter": "spec",
        "useInlineDiffs": false,
        "code": true
      },
      "version": "6.3.1"
    },
    "marge": {
      "options": {
        "reportDir": "cypress/report/mocha",
        "overwrite": false,
        "html": false,
        "json": true,
        "timestamp": "mmddyyyy_HHMMss"
      },
      "version": "5.2.0"
    }
  }
}