{
  "stats": {
    "suites": 1,
    "tests": 11,
    "passes": 11,
    "pending": 0,
    "failures": 0,
    "start": "2021-10-30T15:24:59.364Z",
    "end": "2021-10-30T15:26:04.927Z",
    "duration": 65563,
    "testsRegistered": 11,
    "passPercent": 100,
    "pendingPercent": 0,
    "other": 0,
    "hasOther": false,
    "skipped": 0,
    "hasSkipped": false
  },
  "results": [
    {
      "uuid": "797dc191-a036-4bcc-bade-2407120414c5",
      "title": "",
      "fullFile": "cypress/integration/transcript/transcript.spec.js",
      "file": "cypress/integration/transcript/transcript.spec.js",
      "beforeHooks": [],
      "afterHooks": [],
      "tests": [],
      "suites": [
        {
          "uuid": "9fb724de-15c6-409b-a913-d10d33122fc7",
          "title": "Test Academic transcript page - Consultant role",
          "fullFile": "",
          "file": "",
          "beforeHooks": [],
          "afterHooks": [],
          "tests": [
            {
              "title": "Test screen name",
              "fullTitle": "Test Academic transcript page - Consultant role Test screen name",
              "timedOut": null,
              "duration": 18211,
              "state": "passed",
              "speed": "slow",
              "pass": true,
              "fail": false,
              "pending": false,
              "context": null,
              "code": "cy.get('.grade').should('contain', 'Kết quả học tập');",
              "err": {},
              "uuid": "26fac02a-50da-4fbe-bcb2-f00dd7f2dc70",
              "parentUUID": "9fb724de-15c6-409b-a913-d10d33122fc7",
              "isHook": false,
              "skipped": false
            },
            {
              "title": "Check table filter default value",
              "fullTitle": "Test Academic transcript page - Consultant role Check table filter default value",
              "timedOut": null,
              "duration": 2660,
              "state": "passed",
              "speed": "slow",
              "pass": true,
              "fail": false,
              "pending": false,
              "context": null,
              "code": "cy.get('div[name=\"select1\"] select').should('contain', 'Mã MH');\ncy.get('div[name=\"select2\"] select').should('contain', 'Tăng dần');\ncy.get('div[name=\"select3\"] select').should('contain', '10');\ncy.get('div[name=\"select4\"] select').should('contain', 'Tất cả kì học');",
              "err": {},
              "uuid": "d25e6f3d-94cc-4409-85af-74311b331c38",
              "parentUUID": "9fb724de-15c6-409b-a913-d10d33122fc7",
              "isHook": false,
              "skipped": false
            },
            {
              "title": "Check search input placeholder",
              "fullTitle": "Test Academic transcript page - Consultant role Check search input placeholder",
              "timedOut": null,
              "duration": 2160,
              "state": "passed",
              "speed": "slow",
              "pass": true,
              "fail": false,
              "pending": false,
              "context": null,
              "code": "cy.get('.grade-search').invoke('attr', 'placeholder').should('equal', 'Tìm kiếm tên hoặc mã môn học');",
              "err": {},
              "uuid": "390d2f98-76c5-47ba-ae92-684f193f4c30",
              "parentUUID": "9fb724de-15c6-409b-a913-d10d33122fc7",
              "isHook": false,
              "skipped": false
            },
            {
              "title": "Test table filter - sort by",
              "fullTitle": "Test Academic transcript page - Consultant role Test table filter - sort by",
              "timedOut": null,
              "duration": 9477,
              "state": "passed",
              "speed": "slow",
              "pass": true,
              "fail": false,
              "pending": false,
              "context": null,
              "code": "cy.get('div[name=\"select2\"] select').as('sortASC');\ncy.get('div[name=\"select1\"] select').as('sortBy');\ncy.get('div[name=\"select1\"] select option').as('options').its('length').then(length => {\n  const rand = randomBetween(0, length - 1);\n  cy.get('@options').eq(rand).invoke('attr', 'value').then(value => {\n    cy.get('@sortBy').select(value);\n    cy.wait(1000);\n    cy.get(`tr td.${value}`).as('filteredList').its('length').then(len => {\n      if (len) {\n        for (let i = 0; i < len - 1; i++) {\n          cy.get('@filteredList').eq(i).invoke('text').then(value => {\n            cy.get('@filteredList').eq(i + 1).invoke('text').then(value2 => {\n              cy.get('@sortASC').invoke('val').then(ascending => {\n                const asc = !!parseInt(ascending);\n                expect(value2 >= value || parseInt(value2) > parseInt(value) || !!value2.localeCompare(value)).to.equal(asc);\n              });\n            });\n          });\n        }\n      }\n    });\n  }); // cy.get('@options')\n  //   .eq(rand)\n  //   .invoke('attr', 'data-test')\n  //   .then(slug => {\n  //   })\n});",
              "err": {},
              "uuid": "265d9a0f-859e-472a-bb29-afc695f40a29",
              "parentUUID": "9fb724de-15c6-409b-a913-d10d33122fc7",
              "isHook": false,
              "skipped": false
            },
            {
              "title": "Test table filter - showing records",
              "fullTitle": "Test Academic transcript page - Consultant role Test table filter - showing records",
              "timedOut": null,
              "duration": 3109,
              "state": "passed",
              "speed": "slow",
              "pass": true,
              "fail": false,
              "pending": false,
              "context": null,
              "code": "cy.get('div[name=\"select3\"] select').invoke('val').then(value => {\n  const perPage = parseInt(value);\n  cy.get('tr td.index').its('length').then(length => assert.isAtMost(length, perPage));\n});",
              "err": {},
              "uuid": "a762eb0d-1b2b-4417-8020-9b176306b72b",
              "parentUUID": "9fb724de-15c6-409b-a913-d10d33122fc7",
              "isHook": false,
              "skipped": false
            },
            {
              "title": "Test table filters",
              "fullTitle": "Test Academic transcript page - Consultant role Test table filters",
              "timedOut": null,
              "duration": 7815,
              "state": "passed",
              "speed": "slow",
              "pass": true,
              "fail": false,
              "pending": false,
              "context": null,
              "code": "const DELAY = 500;\nconst perPage = 25;\ncy.get('div[name=\"select2\"] select').select('0');\ncy.get('div[name=\"select3\"] select').select(`${perPage}`);\ncy.wait(DELAY);\ncy.get('tr td.maMH').as('list').its('length').then(length => {\n  assert.isAtMost(length, perPage);\n  for (let i = 0; i < length - 1; i++) {\n    cy.get('@list').eq(i).invoke('text').then(value => {\n      cy.get('@list').eq(i + 1).invoke('text').then(value2 => {\n        expect(value2 < value).to.equal(true);\n      });\n    });\n  }\n});",
              "err": {},
              "uuid": "fd6b35b1-c101-4183-8446-01b9e164ec2d",
              "parentUUID": "9fb724de-15c6-409b-a913-d10d33122fc7",
              "isHook": false,
              "skipped": false
            },
            {
              "title": "Search with random string",
              "fullTitle": "Test Academic transcript page - Consultant role Search with random string",
              "timedOut": null,
              "duration": 4730,
              "state": "passed",
              "speed": "slow",
              "pass": true,
              "fail": false,
              "pending": false,
              "context": null,
              "code": "cy.get('.grade-search').type(randomString()).then(() => {\n  cy.wait(1000);\n  cy.get('tr td.maMH').should('not.exist');\n});",
              "err": {},
              "uuid": "81a4b10b-f420-4acd-96a5-e828891f5536",
              "parentUUID": "9fb724de-15c6-409b-a913-d10d33122fc7",
              "isHook": false,
              "skipped": false
            },
            {
              "title": "Search course by name",
              "fullTitle": "Test Academic transcript page - Consultant role Search course by name",
              "timedOut": null,
              "duration": 4564,
              "state": "passed",
              "speed": "slow",
              "pass": true,
              "fail": false,
              "pending": false,
              "context": null,
              "code": "cy.get('tr td.name').then($names => {\n  const rand = randomBetween(0, $names.length - 1);\n  cy.wrap($names).eq(rand).invoke('text').then(name => {\n    cy.get('.grade-search').type(name).then(() => {\n      cy.wait(1000);\n      cy.get('tr td.name').should('contain', name);\n    });\n  });\n});",
              "err": {},
              "uuid": "8755d52e-c6d1-4fd1-b2fc-1ac5928b9e82",
              "parentUUID": "9fb724de-15c6-409b-a913-d10d33122fc7",
              "isHook": false,
              "skipped": false
            },
            {
              "title": "Search course by id",
              "fullTitle": "Test Academic transcript page - Consultant role Search course by id",
              "timedOut": null,
              "duration": 4213,
              "state": "passed",
              "speed": "slow",
              "pass": true,
              "fail": false,
              "pending": false,
              "context": null,
              "code": "cy.get('tr td.maMH').then($ids => {\n  const rand = randomBetween(0, $ids.length - 1);\n  cy.wrap($ids).eq(rand).invoke('text').then(id => {\n    cy.get('.grade-search').type(id).then(() => {\n      cy.wait(1000);\n      cy.get('tr td.maMH').should('contain', id);\n    });\n  });\n});",
              "err": {},
              "uuid": "cc7ced38-b415-4ba2-b8af-03fc2ca9914e",
              "parentUUID": "9fb724de-15c6-409b-a913-d10d33122fc7",
              "isHook": false,
              "skipped": false
            },
            {
              "title": "Check table header",
              "fullTitle": "Test Academic transcript page - Consultant role Check table header",
              "timedOut": null,
              "duration": 3872,
              "state": "passed",
              "speed": "slow",
              "pass": true,
              "fail": false,
              "pending": false,
              "context": null,
              "code": "cy.get('tr > th').as('header');\ncy.get('@header').eq(0).should('contain', 'STT');\ncy.get('@header').eq(1).should('contain', 'Mã MH');\ncy.get('@header').eq(2).should('contain', 'Tên môn học');\ncy.get('@header').eq(3).should('contain', 'Số TC');\ncy.get('@header').eq(4).should('contain', 'Điểm hệ 10');\ncy.get('@header').eq(5).should('contain', 'Điểm chữ');\ncy.get('@header').eq(6).should('contain', 'Điểm hệ 4');\ncy.get('@header').eq(7).should('contain', 'Chi tiết');",
              "err": {},
              "uuid": "77a854be-6090-453e-9c1a-cd303a1b17e1",
              "parentUUID": "9fb724de-15c6-409b-a913-d10d33122fc7",
              "isHook": false,
              "skipped": false
            },
            {
              "title": "Mark detail button",
              "fullTitle": "Test Academic transcript page - Consultant role Mark detail button",
              "timedOut": null,
              "duration": 3271,
              "state": "passed",
              "speed": "slow",
              "pass": true,
              "fail": false,
              "pending": false,
              "context": null,
              "code": "cy.get('td lord-icon').then($btns => {\n  const rand = randomBetween(0, $btns.length - 1);\n  cy.wrap($btns).eq(rand).click().then(() => {\n    cy.get('.modal-content').should('be.visible');\n  });\n});",
              "err": {},
              "uuid": "be84a4e0-97ea-4c0a-9049-d7c7df2aa9c4",
              "parentUUID": "9fb724de-15c6-409b-a913-d10d33122fc7",
              "isHook": false,
              "skipped": false
            }
          ],
          "suites": [],
          "passes": [
            "26fac02a-50da-4fbe-bcb2-f00dd7f2dc70",
            "d25e6f3d-94cc-4409-85af-74311b331c38",
            "390d2f98-76c5-47ba-ae92-684f193f4c30",
            "265d9a0f-859e-472a-bb29-afc695f40a29",
            "a762eb0d-1b2b-4417-8020-9b176306b72b",
            "fd6b35b1-c101-4183-8446-01b9e164ec2d",
            "81a4b10b-f420-4acd-96a5-e828891f5536",
            "8755d52e-c6d1-4fd1-b2fc-1ac5928b9e82",
            "cc7ced38-b415-4ba2-b8af-03fc2ca9914e",
            "77a854be-6090-453e-9c1a-cd303a1b17e1",
            "be84a4e0-97ea-4c0a-9049-d7c7df2aa9c4"
          ],
          "failures": [],
          "pending": [],
          "skipped": [],
          "duration": 64082,
          "root": false,
          "rootEmpty": false,
          "_timeout": 2000
        }
      ],
      "passes": [],
      "failures": [],
      "pending": [],
      "skipped": [],
      "duration": 0,
      "root": true,
      "rootEmpty": true,
      "_timeout": 2000
    }
  ],
  "meta": {
    "mocha": {
      "version": "7.0.1"
    },
    "mochawesome": {
      "options": {
        "quiet": false,
        "reportFilename": "mochawesome",
        "saveHtml": false,
        "saveJson": true,
        "consoleReporter": "spec",
        "useInlineDiffs": false,
        "code": true
      },
      "version": "6.3.1"
    },
    "marge": {
      "options": {
        "reportDir": "cypress/report/mocha",
        "overwrite": false,
        "html": false,
        "json": true,
        "timestamp": "mmddyyyy_HHMMss"
      },
      "version": "5.2.0"
    }
  }
}