{
  "stats": {
    "suites": 1,
    "tests": 2,
    "passes": 1,
    "pending": 0,
    "failures": 1,
    "start": "2021-10-30T15:12:01.446Z",
    "end": "2021-10-30T15:12:18.804Z",
    "duration": 17358,
    "testsRegistered": 2,
    "passPercent": 50,
    "pendingPercent": 0,
    "other": 0,
    "hasOther": false,
    "skipped": 0,
    "hasSkipped": false
  },
  "results": [
    {
      "uuid": "f407a1cf-78e7-4f84-ae12-1f1a6eb8cffd",
      "title": "",
      "fullFile": "cypress/integration/classes/classes.spec.js",
      "file": "cypress/integration/classes/classes.spec.js",
      "beforeHooks": [],
      "afterHooks": [],
      "tests": [],
      "suites": [
        {
          "uuid": "3dc10546-7991-4d8f-bb0a-9900be2d2151",
          "title": "Test classes page",
          "fullFile": "",
          "file": "",
          "beforeHooks": [],
          "afterHooks": [],
          "tests": [
            {
              "title": "Check screen name",
              "fullTitle": "Test classes page Check screen name",
              "timedOut": null,
              "duration": 12629,
              "state": "passed",
              "speed": "slow",
              "pass": true,
              "fail": false,
              "pending": false,
              "context": null,
              "code": "cy.visit('/classes');\ncy.get('.classes-title').should('contain', 'Các lớp học đang quản lý');",
              "err": {},
              "uuid": "b40c3e21-24ff-4169-9b1e-f99eccff4e6b",
              "parentUUID": "3dc10546-7991-4d8f-bb0a-9900be2d2151",
              "isHook": false,
              "skipped": false
            },
            {
              "title": "Check class links working",
              "fullTitle": "Test classes page Check class links working",
              "timedOut": null,
              "duration": 4462,
              "state": "failed",
              "speed": null,
              "pass": false,
              "fail": true,
              "pending": false,
              "context": "\"assets/classes/classes.spec.js/Test classes page -- Check class links working (failed).png\"",
              "code": "cy.get('.class_management p.mb-4').then($classes => {\n  const rand = randomBetween(0, $classes.length - 1);\n  cy.wrap($classes).eq(rand).invoke('text').then($name => {\n    cy.wrap($classes).eq(rand).click().then(() => {\n      cy.get('.students-title').should('contain', $name);\n    });\n  });\n});",
              "err": {
                "message": "AssertionError: Timed out retrying after 4000ms: Expected to find element: `.class_management p.mb-4`, but never found it.",
                "estack": "AssertionError: Timed out retrying after 4000ms: Expected to find element: `.class_management p.mb-4`, but never found it.\n    at Context.eval (http://localhost:8000/__cypress/tests?p=cypress/integration/classes/classes.spec.js:112:8)",
                "diff": null
              },
              "uuid": "917dd14f-e8b6-4387-9374-b2fa3e2c0a5a",
              "parentUUID": "3dc10546-7991-4d8f-bb0a-9900be2d2151",
              "isHook": false,
              "skipped": false
            }
          ],
          "suites": [],
          "passes": [
            "b40c3e21-24ff-4169-9b1e-f99eccff4e6b"
          ],
          "failures": [
            "917dd14f-e8b6-4387-9374-b2fa3e2c0a5a"
          ],
          "pending": [],
          "skipped": [],
          "duration": 17091,
          "root": false,
          "rootEmpty": false,
          "_timeout": 2000
        }
      ],
      "passes": [],
      "failures": [],
      "pending": [],
      "skipped": [],
      "duration": 0,
      "root": true,
      "rootEmpty": true,
      "_timeout": 2000
    }
  ],
  "meta": {
    "mocha": {
      "version": "7.0.1"
    },
    "mochawesome": {
      "options": {
        "quiet": false,
        "reportFilename": "mochawesome",
        "saveHtml": false,
        "saveJson": true,
        "consoleReporter": "spec",
        "useInlineDiffs": false,
        "code": true
      },
      "version": "6.3.1"
    },
    "marge": {
      "options": {
        "reportDir": "cypress/report/mocha",
        "overwrite": false,
        "html": false,
        "json": true,
        "timestamp": "mmddyyyy_HHMMss"
      },
      "version": "5.2.0"
    }
  }
}