{
  "stats": {
    "suites": 5,
    "tests": 15,
    "passes": 12,
    "pending": 0,
    "failures": 3,
    "start": "2021-10-30T15:16:24.762Z",
    "end": "2021-10-30T15:17:27.001Z",
    "duration": 62239,
    "testsRegistered": 15,
    "passPercent": 80,
    "pendingPercent": 0,
    "other": 0,
    "hasOther": false,
    "skipped": 0,
    "hasSkipped": false
  },
  "results": [
    {
      "uuid": "f794973b-321b-4f2b-87ff-7c44581d525e",
      "title": "",
      "fullFile": "cypress/integration/nav-bar/navigator.spec.js",
      "file": "cypress/integration/nav-bar/navigator.spec.js",
      "beforeHooks": [],
      "afterHooks": [],
      "tests": [],
      "suites": [
        {
          "uuid": "2018d5c0-cadb-49e8-8edc-31d47fd43a18",
          "title": "Navigator bar",
          "fullFile": "",
          "file": "",
          "beforeHooks": [],
          "afterHooks": [],
          "tests": [
            {
              "title": "Check logo display on the left of screen ",
              "fullTitle": "Navigator bar Check logo display on the left of screen ",
              "timedOut": null,
              "duration": 9668,
              "state": "passed",
              "speed": "slow",
              "pass": true,
              "fail": false,
              "pending": false,
              "context": null,
              "code": "cy.get('.navbar-brand').should('be.visible').then(element => {\n  expect(element.position().left).to.equal(0);\n  expect(element.position().top).to.lessThan(10);\n});",
              "err": {},
              "uuid": "a2698355-a67b-4702-9024-cfb42c5bef41",
              "parentUUID": "2018d5c0-cadb-49e8-8edc-31d47fd43a18",
              "isHook": false,
              "skipped": false
            },
            {
              "title": "Check hamburgerIcon display near on the right of logo",
              "fullTitle": "Navigator bar Check hamburgerIcon display near on the right of logo",
              "timedOut": null,
              "duration": 2269,
              "state": "passed",
              "speed": "slow",
              "pass": true,
              "fail": false,
              "pending": false,
              "context": null,
              "code": "cy.get('.navbar-brand').as('logo');\ncy.get('.navbar-toggler').should('be.visible').then(element => {\n  cy.get('@logo').then(logo => {\n    expect(logo.position().left).lessThan(element.position().left);\n  });\n});",
              "err": {},
              "uuid": "bc3af876-7a3a-4650-94f1-bebb92a87b0b",
              "parentUUID": "2018d5c0-cadb-49e8-8edc-31d47fd43a18",
              "isHook": false,
              "skipped": false
            },
            {
              "title": "Check user avatar display on the right of navigator bar",
              "fullTitle": "Navigator bar Check user avatar display on the right of navigator bar",
              "timedOut": null,
              "duration": 2346,
              "state": "passed",
              "speed": "slow",
              "pass": true,
              "fail": false,
              "pending": false,
              "context": null,
              "code": "cy.get('.navbar-nav').children('nav').find('img').should('be.ok').should('be.visible').then(element => {\n  expect(element[0].x).lessThan(window.outerWidth);\n  expect(element[0].x).greaterThan(window.outerWidth / 2);\n});",
              "err": {},
              "uuid": "1131cf27-3a69-4f3b-99e0-e21649a06468",
              "parentUUID": "2018d5c0-cadb-49e8-8edc-31d47fd43a18",
              "isHook": false,
              "skipped": false
            }
          ],
          "suites": [],
          "passes": [
            "a2698355-a67b-4702-9024-cfb42c5bef41",
            "bc3af876-7a3a-4650-94f1-bebb92a87b0b",
            "1131cf27-3a69-4f3b-99e0-e21649a06468"
          ],
          "failures": [],
          "pending": [],
          "skipped": [],
          "duration": 14283,
          "root": false,
          "rootEmpty": false,
          "_timeout": 2000
        },
        {
          "uuid": "212b57b1-5446-43ef-931f-2ed812c8e7ea",
          "title": "Logo",
          "fullFile": "",
          "file": "",
          "beforeHooks": [],
          "afterHooks": [],
          "tests": [
            {
              "title": "Hover Logo then cursor change to pointer",
              "fullTitle": "Logo Hover Logo then cursor change to pointer",
              "timedOut": null,
              "duration": 3316,
              "state": "passed",
              "speed": "slow",
              "pass": true,
              "fail": false,
              "pending": false,
              "context": null,
              "code": "cy.get('.brand-logo > .mr-2').trigger('mouseover').should('have.css', 'cursor', 'pointer');",
              "err": {},
              "uuid": "5116020c-bfdd-40e5-b849-6d09db2e6af1",
              "parentUUID": "212b57b1-5446-43ef-931f-2ed812c8e7ea",
              "isHook": false,
              "skipped": false
            },
            {
              "title": "Click on the logo then route to dashbroad ",
              "fullTitle": "Logo Click on the logo then route to dashbroad ",
              "timedOut": null,
              "duration": 4586,
              "state": "passed",
              "speed": "slow",
              "pass": true,
              "fail": false,
              "pending": false,
              "context": null,
              "code": "cy.get('.brand-logo > .mr-2').click().then(() => {\n  cy.url().then(url => cy.wrap(url).should('contains', 'dashboard'));\n});",
              "err": {},
              "uuid": "a94b66d8-0583-413a-bada-3c0d2b05a870",
              "parentUUID": "212b57b1-5446-43ef-931f-2ed812c8e7ea",
              "isHook": false,
              "skipped": false
            }
          ],
          "suites": [],
          "passes": [
            "5116020c-bfdd-40e5-b849-6d09db2e6af1",
            "a94b66d8-0583-413a-bada-3c0d2b05a870"
          ],
          "failures": [],
          "pending": [],
          "skipped": [],
          "duration": 7902,
          "root": false,
          "rootEmpty": false,
          "_timeout": 2000
        },
        {
          "uuid": "c2e64fb4-808d-41b8-a98f-86512c9309b1",
          "title": "Menu icon (hamburger icon)",
          "fullFile": "",
          "file": "",
          "beforeHooks": [],
          "afterHooks": [],
          "tests": [
            {
              "title": "Hover on hamburger menu then cusor change to pointer",
              "fullTitle": "Menu icon (hamburger icon) Hover on hamburger menu then cusor change to pointer",
              "timedOut": null,
              "duration": 2791,
              "state": "passed",
              "speed": "slow",
              "pass": true,
              "fail": false,
              "pending": false,
              "context": null,
              "code": "cy.get('[data-toggle=\"minimize\"] > .icon-menu').trigger('mouseover').should('have.css', 'cursor', 'pointer');",
              "err": {},
              "uuid": "d1cad9b9-27e8-4792-8580-828cc53712eb",
              "parentUUID": "c2e64fb4-808d-41b8-a98f-86512c9309b1",
              "isHook": false,
              "skipped": false
            },
            {
              "title": "Click on menu icon when sidebar is expanded",
              "fullTitle": "Menu icon (hamburger icon) Click on menu icon when sidebar is expanded",
              "timedOut": null,
              "duration": 2523,
              "state": "passed",
              "speed": "slow",
              "pass": true,
              "fail": false,
              "pending": false,
              "context": null,
              "code": "cy.get('[data-toggle=\"minimize\"] > .icon-menu').click().then(() => {\n  cy.get('.brand-logo-mini > img').should('be.visible');\n  cy.get('.sidebar-icon-only').should('be.visible');\n});",
              "err": {},
              "uuid": "1fa35dfa-38b8-420f-99b3-33fddee2d5ac",
              "parentUUID": "c2e64fb4-808d-41b8-a98f-86512c9309b1",
              "isHook": false,
              "skipped": false
            },
            {
              "title": "Click on menu icon when sidebar is collapsed",
              "fullTitle": "Menu icon (hamburger icon) Click on menu icon when sidebar is collapsed",
              "timedOut": null,
              "duration": 3503,
              "state": "passed",
              "speed": "slow",
              "pass": true,
              "fail": false,
              "pending": false,
              "context": null,
              "code": "cy.get('[data-toggle=\"minimize\"] > .icon-menu').click().then(() => {\n  cy.get('.brand-logo-mini > img').should('be.visible');\n  cy.get('.sidebar-icon-only').should('be.visible');\n}).then(() => {\n  cy.get('[data-toggle=\"minimize\"] > .icon-menu').click().then(() => {\n    cy.get('.brand-logo-mini > img').should('be.hidden');\n    cy.get('.brand-logo > .mr-2').should('be.visible');\n  });\n});",
              "err": {},
              "uuid": "095489d5-fc08-41b3-a39a-4376180c310a",
              "parentUUID": "c2e64fb4-808d-41b8-a98f-86512c9309b1",
              "isHook": false,
              "skipped": false
            }
          ],
          "suites": [],
          "passes": [
            "d1cad9b9-27e8-4792-8580-828cc53712eb",
            "1fa35dfa-38b8-420f-99b3-33fddee2d5ac",
            "095489d5-fc08-41b3-a39a-4376180c310a"
          ],
          "failures": [],
          "pending": [],
          "skipped": [],
          "duration": 8817,
          "root": false,
          "rootEmpty": false,
          "_timeout": 2000
        },
        {
          "uuid": "180ccf3d-6314-4722-aef0-ff319ff7e713",
          "title": "Avatar",
          "fullFile": "",
          "file": "",
          "beforeHooks": [],
          "afterHooks": [],
          "tests": [
            {
              "title": "The default avatar is the initials of the user last name, first name",
              "fullTitle": "Avatar The default avatar is the initials of the user last name, first name",
              "timedOut": null,
              "duration": 2829,
              "state": "passed",
              "speed": "slow",
              "pass": true,
              "fail": false,
              "pending": false,
              "context": null,
              "code": "cy.get('.navbar-nav > nav').should('be.visible');",
              "err": {},
              "uuid": "426ddff0-ac68-41fd-9836-ca4e4a0254b0",
              "parentUUID": "180ccf3d-6314-4722-aef0-ff319ff7e713",
              "isHook": false,
              "skipped": false
            },
            {
              "title": "Display the account management window with two options: Personal page, Log out",
              "fullTitle": "Avatar Display the account management window with two options: Personal page, Log out",
              "timedOut": null,
              "duration": 3219,
              "state": "passed",
              "speed": "slow",
              "pass": true,
              "fail": false,
              "pending": false,
              "context": null,
              "code": "cy.get('.navbar-nav > nav').click().then(() => {\n  cy.get('a').contains('Trang cá nhân').invoke('text').then(element => {\n    expect(element).to.equals('Trang cá nhân');\n  });\n  cy.get('a').contains('Đăng xuất').invoke('text').then(element => {\n    expect(element).to.equals('Đăng xuất');\n  });\n});",
              "err": {},
              "uuid": "61175b2c-8706-4564-9ab8-dc45ce50581d",
              "parentUUID": "180ccf3d-6314-4722-aef0-ff319ff7e713",
              "isHook": false,
              "skipped": false
            },
            {
              "title": "Click on the \"Personal Page\" option",
              "fullTitle": "Avatar Click on the \"Personal Page\" option",
              "timedOut": null,
              "duration": 3891,
              "state": "passed",
              "speed": "slow",
              "pass": true,
              "fail": false,
              "pending": false,
              "context": null,
              "code": "cy.get('a').contains('Trang cá nhân').then(element => {\n  element[0].click();\n  cy.url().then(url => cy.wrap(url).should('contains', 'user/profile'));\n});",
              "err": {},
              "uuid": "411ab338-c91d-4e1c-adef-d382908cfdb1",
              "parentUUID": "180ccf3d-6314-4722-aef0-ff319ff7e713",
              "isHook": false,
              "skipped": false
            },
            {
              "title": "Click on the \"Logout\" option",
              "fullTitle": "Avatar Click on the \"Logout\" option",
              "timedOut": null,
              "duration": 3309,
              "state": "passed",
              "speed": "slow",
              "pass": true,
              "fail": false,
              "pending": false,
              "context": null,
              "code": "cy.get('a').contains('Đăng xuất').then(element => {\n  element[0].click();\n});\ncy.wait(0);\ncy.url().then(url => cy.wrap(url).should('contains', 'login'));",
              "err": {},
              "uuid": "5d40be42-30a6-4c91-beee-1bacf7019df7",
              "parentUUID": "180ccf3d-6314-4722-aef0-ff319ff7e713",
              "isHook": false,
              "skipped": false
            }
          ],
          "suites": [],
          "passes": [
            "426ddff0-ac68-41fd-9836-ca4e4a0254b0",
            "61175b2c-8706-4564-9ab8-dc45ce50581d",
            "411ab338-c91d-4e1c-adef-d382908cfdb1",
            "5d40be42-30a6-4c91-beee-1bacf7019df7"
          ],
          "failures": [],
          "pending": [],
          "skipped": [],
          "duration": 13248,
          "root": false,
          "rootEmpty": false,
          "_timeout": 2000
        },
        {
          "uuid": "633f3509-8358-42cc-94b5-55605da725a9",
          "title": "Side bar",
          "fullFile": "",
          "file": "",
          "beforeHooks": [],
          "afterHooks": [],
          "tests": [
            {
              "title": "Show sidebar",
              "fullTitle": "Side bar Show sidebar",
              "timedOut": null,
              "duration": 6122,
              "state": "failed",
              "speed": null,
              "pass": false,
              "fail": true,
              "pending": false,
              "context": "\"assets/nav-bar/navigator.spec.js/Side bar -- Show sidebar (failed).png\"",
              "code": "cy.get('.navbar-nav').should('be.visible').should('have.css', 'background-color', 'rgb(75, 73, 172)');",
              "err": {
                "message": "AssertionError: Timed out retrying after 4000ms: Expected to find element: `.navbar-nav`, but never found it.",
                "estack": "AssertionError: Timed out retrying after 4000ms: Expected to find element: `.navbar-nav`, but never found it.\n    at Context.eval (http://localhost:8000/__cypress/tests?p=cypress/integration/nav-bar/navigator.spec.js:188:27)",
                "diff": null
              },
              "uuid": "9bc41f36-1840-4dee-b46b-e773c163dbbf",
              "parentUUID": "633f3509-8358-42cc-94b5-55605da725a9",
              "isHook": false,
              "skipped": false
            },
            {
              "title": "Hover over the lines in the sidebar",
              "fullTitle": "Side bar Hover over the lines in the sidebar",
              "timedOut": null,
              "duration": 5438,
              "state": "failed",
              "speed": null,
              "pass": false,
              "fail": true,
              "pending": false,
              "context": "\"assets/nav-bar/navigator.spec.js/Side bar -- Hover over the lines in the sidebar (failed).png\"",
              "code": "cy.get('.nav-item').eq(2).trigger('mouseover').then(element => {\n  console.log(element.css('background-color'));\n}); // .should('have.css', 'background-color', 'rgb(75, 73, 172)')",
              "err": {
                "message": "AssertionError: Timed out retrying after 4000ms: Expected to find element: `.nav-item`, but never found it.",
                "estack": "AssertionError: Timed out retrying after 4000ms: Expected to find element: `.nav-item`, but never found it.\n    at Context.eval (http://localhost:8000/__cypress/tests?p=cypress/integration/nav-bar/navigator.spec.js:191:8)",
                "diff": null
              },
              "uuid": "96b7f486-11f3-4c54-a062-5adde3ce0300",
              "parentUUID": "633f3509-8358-42cc-94b5-55605da725a9",
              "isHook": false,
              "skipped": false
            },
            {
              "title": "when hovering over a line, it will display text like the expanded state next to that line.",
              "fullTitle": "Side bar when hovering over a line, it will display text like the expanded state next to that line.",
              "timedOut": null,
              "duration": 5283,
              "state": "failed",
              "speed": null,
              "pass": false,
              "fail": true,
              "pending": false,
              "context": "\"assets/nav-bar/navigator.spec.js/Side bar -- when hovering over a line, it will display text like the expanded state next to that line. (failed).png\"",
              "code": "cy.get('[data-toggle=\"minimize\"] > .icon-menu').click().then(() => {\n  cy.get('.brand-logo-mini > img').should('be.visible');\n  cy.get('.sidebar-icon-only').should('be.visible');\n}).then(() => {\n  cy.get('.navbar-nav').should('be.visible');\n});",
              "err": {
                "message": "AssertionError: Timed out retrying after 4000ms: Expected to find element: `[data-toggle=\"minimize\"] > .icon-menu`, but never found it.",
                "estack": "AssertionError: Timed out retrying after 4000ms: Expected to find element: `[data-toggle=\"minimize\"] > .icon-menu`, but never found it.\n    at Context.eval (http://localhost:8000/__cypress/tests?p=cypress/integration/nav-bar/navigator.spec.js:196:8)",
                "diff": null
              },
              "uuid": "9bbdf5dd-cdb0-46ec-9a55-a2521bc8f298",
              "parentUUID": "633f3509-8358-42cc-94b5-55605da725a9",
              "isHook": false,
              "skipped": false
            }
          ],
          "suites": [],
          "passes": [],
          "failures": [
            "9bc41f36-1840-4dee-b46b-e773c163dbbf",
            "96b7f486-11f3-4c54-a062-5adde3ce0300",
            "9bbdf5dd-cdb0-46ec-9a55-a2521bc8f298"
          ],
          "pending": [],
          "skipped": [],
          "duration": 16843,
          "root": false,
          "rootEmpty": false,
          "_timeout": 2000
        }
      ],
      "passes": [],
      "failures": [],
      "pending": [],
      "skipped": [],
      "duration": 0,
      "root": true,
      "rootEmpty": true,
      "_timeout": 2000
    }
  ],
  "meta": {
    "mocha": {
      "version": "7.0.1"
    },
    "mochawesome": {
      "options": {
        "quiet": false,
        "reportFilename": "mochawesome",
        "saveHtml": false,
        "saveJson": true,
        "consoleReporter": "spec",
        "useInlineDiffs": false,
        "code": true
      },
      "version": "6.3.1"
    },
    "marge": {
      "options": {
        "reportDir": "cypress/report/mocha",
        "overwrite": false,
        "html": false,
        "json": true,
        "timestamp": "mmddyyyy_HHMMss"
      },
      "version": "5.2.0"
    }
  }
}