{
  "stats": {
    "suites": 1,
    "tests": 11,
    "passes": 11,
    "pending": 0,
    "failures": 0,
    "start": "2021-10-30T15:17:48.266Z",
    "end": "2021-10-30T15:18:27.533Z",
    "duration": 39267,
    "testsRegistered": 11,
    "passPercent": 100,
    "pendingPercent": 0,
    "other": 0,
    "hasOther": false,
    "skipped": 0,
    "hasSkipped": false
  },
  "results": [
    {
      "uuid": "7f0c8c67-8596-4ba4-b57e-620e7b84eb5a",
      "title": "",
      "fullFile": "cypress/integration/profile/profile.spec.js",
      "file": "cypress/integration/profile/profile.spec.js",
      "beforeHooks": [],
      "afterHooks": [],
      "tests": [],
      "suites": [
        {
          "uuid": "594097ed-48a1-4bd5-8554-b935ca461fc2",
          "title": "Profile pages",
          "fullFile": "",
          "file": "",
          "beforeHooks": [],
          "afterHooks": [],
          "tests": [
            {
              "title": "The title shows up in the middle of the screen at the top with the text: \"Personal Page\"",
              "fullTitle": "Profile pages The title shows up in the middle of the screen at the top with the text: \"Personal Page\"",
              "timedOut": null,
              "duration": 12722,
              "state": "passed",
              "speed": "slow",
              "pass": true,
              "fail": false,
              "pending": false,
              "context": null,
              "code": "cy.get('.max-w-7xl > .font-semibold').should('be.visible').should('have.css', 'text-align', 'center');",
              "err": {},
              "uuid": "9fac32ea-a41c-456c-b872-657381423e5c",
              "parentUUID": "594097ed-48a1-4bd5-8554-b935ca461fc2",
              "isHook": false,
              "skipped": false
            },
            {
              "title": "Button \"Trang chủ\" displayed on a par with the screen title, close to the left",
              "fullTitle": "Profile pages Button \"Trang chủ\" displayed on a par with the screen title, close to the left",
              "timedOut": null,
              "duration": 882,
              "state": "passed",
              "speed": "slow",
              "pass": true,
              "fail": false,
              "pending": false,
              "context": null,
              "code": "cy.get('header .btn').should('be.visible').then(element => {\n  expect(element.position().left).to.lessThan(100);\n});",
              "err": {},
              "uuid": "87a4eba4-9d1e-4be9-94d3-cc09f3b45770",
              "parentUUID": "594097ed-48a1-4bd5-8554-b935ca461fc2",
              "isHook": false,
              "skipped": false
            },
            {
              "title": "When hovering over the \"Trang chủ\" button, the mouse pointer changes to a hand icon",
              "fullTitle": "Profile pages When hovering over the \"Trang chủ\" button, the mouse pointer changes to a hand icon",
              "timedOut": null,
              "duration": 1094,
              "state": "passed",
              "speed": "slow",
              "pass": true,
              "fail": false,
              "pending": false,
              "context": null,
              "code": "cy.get('header .btn').should('be.visible').trigger('mouseover').should('have.css', 'cursor', 'pointer');",
              "err": {},
              "uuid": "5d147932-c8ce-4fa6-8df5-ff30dd94c450",
              "parentUUID": "594097ed-48a1-4bd5-8554-b935ca461fc2",
              "isHook": false,
              "skipped": false
            },
            {
              "title": "When you click on the \"Trang chủ\" button, you will go to the dashboard",
              "fullTitle": "Profile pages When you click on the \"Trang chủ\" button, you will go to the dashboard",
              "timedOut": null,
              "duration": 10458,
              "state": "passed",
              "speed": "slow",
              "pass": true,
              "fail": false,
              "pending": false,
              "context": null,
              "code": "cy.get('header .btn').should('be.visible').click().then(() => {\n  cy.url().then(url => cy.wrap(url).should('contain', 'dashboard'));\n});",
              "err": {},
              "uuid": "105cc935-de39-4f0c-82ad-abe08d986c0d",
              "parentUUID": "594097ed-48a1-4bd5-8554-b935ca461fc2",
              "isHook": false,
              "skipped": false
            },
            {
              "title": "Show basic information of the user",
              "fullTitle": "Profile pages Show basic information of the user",
              "timedOut": null,
              "duration": 962,
              "state": "passed",
              "speed": "slow",
              "pass": true,
              "fail": false,
              "pending": false,
              "context": null,
              "code": "cy.get('[data-cy=avatar]').should('be.visible');\ncy.get('#name').should('be.visible');\ncy.get('#email').should('be.visible');\ncy.get('[data-cy=change-avt-btn]').contains('Chọn ảnh đại diện mới').should('be.visible');",
              "err": {},
              "uuid": "790bf9b4-b1d2-4bde-a794-6629e778a57a",
              "parentUUID": "594097ed-48a1-4bd5-8554-b935ca461fc2",
              "isHook": false,
              "skipped": false
            },
            {
              "title": "Edit name, email",
              "fullTitle": "Profile pages Edit name, email",
              "timedOut": null,
              "duration": 3035,
              "state": "passed",
              "speed": "slow",
              "pass": true,
              "fail": false,
              "pending": false,
              "context": null,
              "code": "cy.get('#name').should('be.visible').clear().click().type(randomString(20));\ncy.get('#email').should('be.visible').clear().click().type(`${randomString(10)}@gmail.com`);\ncy.get('[data-cy=save-btn]').should('be.visible'); // .click()\n// .then(() => {\n//   cy.contains('Đã lưu')\n// })",
              "err": {},
              "uuid": "8c682adc-bc2b-46d8-9a09-0a2f8a1401cc",
              "parentUUID": "594097ed-48a1-4bd5-8554-b935ca461fc2",
              "isHook": false,
              "skipped": false
            },
            {
              "title": "Show password input boxes",
              "fullTitle": "Profile pages Show password input boxes",
              "timedOut": null,
              "duration": 938,
              "state": "passed",
              "speed": "slow",
              "pass": true,
              "fail": false,
              "pending": false,
              "context": null,
              "code": "cy.get('#current_password').should('be.visible');\ncy.get('#password').should('be.visible');\ncy.get('#password_confirmation').should('be.visible');",
              "err": {},
              "uuid": "9d8ab634-b9d4-4b64-b19f-2230a8d75683",
              "parentUUID": "594097ed-48a1-4bd5-8554-b935ca461fc2",
              "isHook": false,
              "skipped": false
            },
            {
              "title": "Do not enter password, click \"Lưu\" button",
              "fullTitle": "Profile pages Do not enter password, click \"Lưu\" button",
              "timedOut": null,
              "duration": 2636,
              "state": "passed",
              "speed": "slow",
              "pass": true,
              "fail": false,
              "pending": false,
              "context": null,
              "code": "cy.get('#current_password').should('be.visible').clear();\ncy.get('#password').should('be.visible').clear();\ncy.get('#password_confirmation').should('be.visible').clear();\ncy.get('[data-cy=save-password]').click();\ncy.contains('current password được yêu cầu.');\ncy.contains('password được yêu cầu.');",
              "err": {},
              "uuid": "a26c51c9-fcb3-4905-a0e7-297772d03357",
              "parentUUID": "594097ed-48a1-4bd5-8554-b935ca461fc2",
              "isHook": false,
              "skipped": false
            },
            {
              "title": "New password and confirm password do not match",
              "fullTitle": "Profile pages New password and confirm password do not match",
              "timedOut": null,
              "duration": 2417,
              "state": "passed",
              "speed": "slow",
              "pass": true,
              "fail": false,
              "pending": false,
              "context": null,
              "code": "cy.get('#password').should('be.visible').type(randomString(10));\ncy.get('#password_confirmation').should('be.visible').type(randomString(10));\ncy.get('[data-cy=save-password]').click();\ncy.contains('password xác nhận không trùng khớp.');",
              "err": {},
              "uuid": "c398f12a-89e3-4c8c-90e0-e312a76c8b16",
              "parentUUID": "594097ed-48a1-4bd5-8554-b935ca461fc2",
              "isHook": false,
              "skipped": false
            },
            {
              "title": "2FA on/off status",
              "fullTitle": "Profile pages 2FA on/off status",
              "timedOut": null,
              "duration": 2428,
              "state": "passed",
              "speed": "slow",
              "pass": true,
              "fail": false,
              "pending": false,
              "context": null,
              "code": "cy.contains('Bạn đang tắt tính năng xác thực hai yếu tố').then(() => {\n  cy.get('[data-cy=active-btn]').click().then(() => {\n    cy.contains('Xác thực tài khoản').should('be.visible');\n    cy.contains('Để bảo mật tài khoản của bạn, vui lòng xác nhận mật khẩu để tiếp tục').should('be.visible');\n    cy.contains('Quay lại').click().then(() => {\n      cy.contains('Xác thực tài khoản').should('be.hidden');\n      cy.contains('Để bảo mật tài khoản của bạn, vui lòng xác nhận mật khẩu để tiếp tục').should('be.hidden');\n    });\n  });\n});",
              "err": {},
              "uuid": "00ce937c-4bc6-45cd-ac2e-dd97c2203d40",
              "parentUUID": "594097ed-48a1-4bd5-8554-b935ca461fc2",
              "isHook": false,
              "skipped": false
            },
            {
              "title": "Delete account",
              "fullTitle": "Profile pages Delete account",
              "timedOut": null,
              "duration": 1407,
              "state": "passed",
              "speed": "slow",
              "pass": true,
              "fail": false,
              "pending": false,
              "context": null,
              "code": "cy.get('[data-cy=delete-btn]').click().then(() => {\n  cy.get('[data-cy=confirm-modal]').should('be.visible');\n});",
              "err": {},
              "uuid": "b991eb76-5bed-47b2-982d-f144df827d66",
              "parentUUID": "594097ed-48a1-4bd5-8554-b935ca461fc2",
              "isHook": false,
              "skipped": false
            }
          ],
          "suites": [],
          "passes": [
            "9fac32ea-a41c-456c-b872-657381423e5c",
            "87a4eba4-9d1e-4be9-94d3-cc09f3b45770",
            "5d147932-c8ce-4fa6-8df5-ff30dd94c450",
            "105cc935-de39-4f0c-82ad-abe08d986c0d",
            "790bf9b4-b1d2-4bde-a794-6629e778a57a",
            "8c682adc-bc2b-46d8-9a09-0a2f8a1401cc",
            "9d8ab634-b9d4-4b64-b19f-2230a8d75683",
            "a26c51c9-fcb3-4905-a0e7-297772d03357",
            "c398f12a-89e3-4c8c-90e0-e312a76c8b16",
            "00ce937c-4bc6-45cd-ac2e-dd97c2203d40",
            "b991eb76-5bed-47b2-982d-f144df827d66"
          ],
          "failures": [],
          "pending": [],
          "skipped": [],
          "duration": 38979,
          "root": false,
          "rootEmpty": false,
          "_timeout": 2000
        }
      ],
      "passes": [],
      "failures": [],
      "pending": [],
      "skipped": [],
      "duration": 0,
      "root": true,
      "rootEmpty": true,
      "_timeout": 2000
    }
  ],
  "meta": {
    "mocha": {
      "version": "7.0.1"
    },
    "mochawesome": {
      "options": {
        "quiet": false,
        "reportFilename": "mochawesome",
        "saveHtml": false,
        "saveJson": true,
        "consoleReporter": "spec",
        "useInlineDiffs": false,
        "code": true
      },
      "version": "6.3.1"
    },
    "marge": {
      "options": {
        "reportDir": "cypress/report/mocha",
        "overwrite": false,
        "html": false,
        "json": true,
        "timestamp": "mmddyyyy_HHMMss"
      },
      "version": "5.2.0"
    }
  }
}