{
  "stats": {
    "suites": 1,
    "tests": 13,
    "passes": 13,
    "pending": 0,
    "failures": 0,
    "start": "2021-10-30T15:20:05.766Z",
    "end": "2021-10-30T15:21:23.466Z",
    "duration": 77700,
    "testsRegistered": 13,
    "passPercent": 100,
    "pendingPercent": 0,
    "other": 0,
    "hasOther": false,
    "skipped": 0,
    "hasSkipped": false
  },
  "results": [
    {
      "uuid": "063b2d0b-1984-4548-ba56-2291ef6e22e0",
      "title": "",
      "fullFile": "cypress/integration/tasks/tasks_consultant.spec.js",
      "file": "cypress/integration/tasks/tasks_consultant.spec.js",
      "beforeHooks": [],
      "afterHooks": [],
      "tests": [],
      "suites": [
        {
          "uuid": "e267431b-8943-4dcd-b54e-6a547067be1c",
          "title": "Test tasks page - Consultant account",
          "fullFile": "",
          "file": "",
          "beforeHooks": [],
          "afterHooks": [],
          "tests": [
            {
              "title": "Test screen name",
              "fullTitle": "Test tasks page - Consultant account Test screen name",
              "timedOut": null,
              "duration": 12073,
              "state": "passed",
              "speed": "slow",
              "pass": true,
              "fail": false,
              "pending": false,
              "context": null,
              "code": "cy.get('.task-title').should('contain', 'Công việc');",
              "err": {},
              "uuid": "710d9544-77ef-4425-b685-d24872010140",
              "parentUUID": "e267431b-8943-4dcd-b54e-6a547067be1c",
              "isHook": false,
              "skipped": false
            },
            {
              "title": "Check table filter default value",
              "fullTitle": "Test tasks page - Consultant account Check table filter default value",
              "timedOut": null,
              "duration": 2894,
              "state": "passed",
              "speed": "slow",
              "pass": true,
              "fail": false,
              "pending": false,
              "context": null,
              "code": "cy.get('div[name=\"select1\"] select').should('contain', 'ID');\ncy.get('div[name=\"select2\"] select').should('contain', 'Tăng dần');\ncy.get('div[name=\"select3\"] select').should('contain', '10');",
              "err": {},
              "uuid": "2b1963b7-186d-4edb-abe2-545010ab0c7c",
              "parentUUID": "e267431b-8943-4dcd-b54e-6a547067be1c",
              "isHook": false,
              "skipped": false
            },
            {
              "title": "Check search input placeholder",
              "fullTitle": "Test tasks page - Consultant account Check search input placeholder",
              "timedOut": null,
              "duration": 2633,
              "state": "passed",
              "speed": "slow",
              "pass": true,
              "fail": false,
              "pending": false,
              "context": null,
              "code": "cy.get('.task-search').invoke('attr', 'placeholder').should('equal', 'ID, tên công việc, người liên quan');",
              "err": {},
              "uuid": "3796ac8f-ff21-4de5-b65d-0342bf828d66",
              "parentUUID": "e267431b-8943-4dcd-b54e-6a547067be1c",
              "isHook": false,
              "skipped": false
            },
            {
              "title": "Test table filter - sort by",
              "fullTitle": "Test tasks page - Consultant account Test table filter - sort by",
              "timedOut": null,
              "duration": 10631,
              "state": "passed",
              "speed": "slow",
              "pass": true,
              "fail": false,
              "pending": false,
              "context": null,
              "code": "cy.get('div[name=\"select2\"] select').as('sortASC');\ncy.get('div[name=\"select1\"] select').as('sortBy');\ncy.get('div[name=\"select1\"] select option').as('options').its('length').then(length => {\n  const rand = randomBetween(0, length - 1);\n  cy.get('@options').eq(rand).invoke('attr', 'value').then(value => {\n    cy.get('@sortBy').select(value);\n    cy.wait(1000);\n    cy.get(`tr td.${value}`).as('filteredList').its('length').then(len => {\n      if (len) {\n        for (let i = 0; i < len - 1; i++) {\n          cy.get('@filteredList').eq(i).invoke('text').then(value => {\n            cy.get('@filteredList').eq(i + 1).invoke('text').then(value2 => {\n              cy.get('@sortASC').invoke('val').then(ascending => {\n                const asc = !!parseInt(ascending);\n                expect(value2 >= value || parseInt(value2) > parseInt(value) || !!value2.localeCompare(value)).to.equal(asc);\n              });\n            });\n          });\n        }\n      }\n    });\n  });\n});",
              "err": {},
              "uuid": "96f1ab3f-44e7-456e-a67e-b32e14470c10",
              "parentUUID": "e267431b-8943-4dcd-b54e-6a547067be1c",
              "isHook": false,
              "skipped": false
            },
            {
              "title": "Test table filter - showing records",
              "fullTitle": "Test tasks page - Consultant account Test table filter - showing records",
              "timedOut": null,
              "duration": 3427,
              "state": "passed",
              "speed": "slow",
              "pass": true,
              "fail": false,
              "pending": false,
              "context": null,
              "code": "cy.get('div[name=\"select3\"] select').invoke('val').then(value => {\n  const perPage = parseInt(value);\n  cy.get('tr td.id').its('length').then(length => assert.isAtMost(length, perPage));\n});",
              "err": {},
              "uuid": "52385da2-946c-45b6-a492-ebaded8ba769",
              "parentUUID": "e267431b-8943-4dcd-b54e-6a547067be1c",
              "isHook": false,
              "skipped": false
            },
            {
              "title": "Test table filters",
              "fullTitle": "Test tasks page - Consultant account Test table filters",
              "timedOut": null,
              "duration": 14806,
              "state": "passed",
              "speed": "slow",
              "pass": true,
              "fail": false,
              "pending": false,
              "context": null,
              "code": "const DELAY = 500;\nconst perPage = 25;\ncy.get('div[name=\"select2\"] select').select('0');\ncy.get('div[name=\"select3\"] select').select(`${perPage}`);\ncy.wait(DELAY);\ncy.get('tr td.id').as('list').its('length').then(length => {\n  assert.isAtMost(length, perPage);\n  for (let i = 0; i < length - 1; i++) {\n    cy.get('@list').eq(i).invoke('text').then(value => {\n      cy.get('@list').eq(i + 1).invoke('text').then(value2 => {\n        expect(value2 < value || parseInt(value2) < parseInt(value)).to.equal(true);\n      });\n    });\n  }\n});",
              "err": {},
              "uuid": "bd644020-a674-494e-ae28-292f13c9af06",
              "parentUUID": "e267431b-8943-4dcd-b54e-6a547067be1c",
              "isHook": false,
              "skipped": false
            },
            {
              "title": "Search with random string",
              "fullTitle": "Test tasks page - Consultant account Search with random string",
              "timedOut": null,
              "duration": 4407,
              "state": "passed",
              "speed": "slow",
              "pass": true,
              "fail": false,
              "pending": false,
              "context": null,
              "code": "cy.get('.task-search').type(randomString()).then(() => {\n  cy.wait(1000);\n  cy.get('tr td.id').should('not.exist');\n});",
              "err": {},
              "uuid": "a95ae2f7-881e-401c-a326-bdd6b0550ea3",
              "parentUUID": "e267431b-8943-4dcd-b54e-6a547067be1c",
              "isHook": false,
              "skipped": false
            },
            {
              "title": "Search task by name",
              "fullTitle": "Test tasks page - Consultant account Search task by name",
              "timedOut": null,
              "duration": 5045,
              "state": "passed",
              "speed": "slow",
              "pass": true,
              "fail": false,
              "pending": false,
              "context": null,
              "code": "cy.get('tr td.name').then($names => {\n  const rand = randomBetween(0, $names.length - 1);\n  cy.wrap($names).eq(rand).invoke('text').then(name => {\n    cy.get('.task-search').type(name).then(() => {\n      cy.wait(1000);\n      cy.get('tr td.name').should('contain', name);\n    });\n  });\n});",
              "err": {},
              "uuid": "21152afd-455d-4c88-a55d-787903adf65d",
              "parentUUID": "e267431b-8943-4dcd-b54e-6a547067be1c",
              "isHook": false,
              "skipped": false
            },
            {
              "title": "Search task by id",
              "fullTitle": "Test tasks page - Consultant account Search task by id",
              "timedOut": null,
              "duration": 4212,
              "state": "passed",
              "speed": "slow",
              "pass": true,
              "fail": false,
              "pending": false,
              "context": null,
              "code": "cy.get('tr td.id').then($ids => {\n  const rand = randomBetween(0, $ids.length - 1);\n  cy.wrap($ids).eq(rand).invoke('text').then(id => {\n    cy.get('.task-search').type(id).then(() => {\n      cy.wait(1000);\n      cy.get('tr td.id').should('contain', id);\n    });\n  });\n});",
              "err": {},
              "uuid": "b222ee85-4bfd-4644-8d11-95ae9e60a898",
              "parentUUID": "e267431b-8943-4dcd-b54e-6a547067be1c",
              "isHook": false,
              "skipped": false
            },
            {
              "title": "Check table header",
              "fullTitle": "Test tasks page - Consultant account Check table header",
              "timedOut": null,
              "duration": 3471,
              "state": "passed",
              "speed": "slow",
              "pass": true,
              "fail": false,
              "pending": false,
              "context": null,
              "code": "cy.get('tr > th').as('header');\ncy.get('@header').eq(0).should('contain', 'ID');\ncy.get('@header').eq(1).should('contain', 'Tên');\ncy.get('@header').eq(2).should('contain', 'Kì hạn');\ncy.get('@header').eq(3).should('contain', 'Tiến độ');\ncy.get('@header').eq(4).should('contain', 'Giao cho');\ncy.get('@header').eq(5).should('contain', 'Trạng thái');",
              "err": {},
              "uuid": "a669c4ec-5859-43dd-812b-8ef5acaa435b",
              "parentUUID": "e267431b-8943-4dcd-b54e-6a547067be1c",
              "isHook": false,
              "skipped": false
            },
            {
              "title": "Check table pagination",
              "fullTitle": "Test tasks page - Consultant account Check table pagination",
              "timedOut": null,
              "duration": 4024,
              "state": "passed",
              "speed": "slow",
              "pass": true,
              "fail": false,
              "pending": false,
              "context": null,
              "code": "cy.get('.page-link').then($pages => {\n  const rand = randomBetween(1, $pages.length - 2);\n  cy.wrap($pages).eq(rand).click().then(() => {\n    if (rand !== 1) {\n      cy.wait(1000);\n      cy.url().should('contain', `?page=${rand}`);\n    }\n  });\n});",
              "err": {},
              "uuid": "bef2c956-2329-410b-ab4b-e0fdf8c9be5a",
              "parentUUID": "e267431b-8943-4dcd-b54e-6a547067be1c",
              "isHook": false,
              "skipped": false
            },
            {
              "title": "Click on task row then show task detail",
              "fullTitle": "Test tasks page - Consultant account Click on task row then show task detail",
              "timedOut": null,
              "duration": 3021,
              "state": "passed",
              "speed": "slow",
              "pass": true,
              "fail": false,
              "pending": false,
              "context": null,
              "code": "cy.get('tr').then($rows => {\n  const rand = randomBetween(0, $rows.length - 1);\n  cy.wrap($rows).eq(rand).click({\n    force: true\n  }).then(() => cy.get('.expanded-row').should('be.visible'));\n});",
              "err": {},
              "uuid": "4e7bca68-df47-418b-90b5-6ee80c5e1257",
              "parentUUID": "e267431b-8943-4dcd-b54e-6a547067be1c",
              "isHook": false,
              "skipped": false
            },
            {
              "title": "Add task button working",
              "fullTitle": "Test tasks page - Consultant account Add task button working",
              "timedOut": null,
              "duration": 4427,
              "state": "passed",
              "speed": "slow",
              "pass": true,
              "fail": false,
              "pending": false,
              "context": null,
              "code": "cy.get('.add-task').click().then(() => {\n  cy.url().should('contain', '/create');\n});",
              "err": {},
              "uuid": "71685364-7224-422e-88e2-9dca43047985",
              "parentUUID": "e267431b-8943-4dcd-b54e-6a547067be1c",
              "isHook": false,
              "skipped": false
            }
          ],
          "suites": [],
          "passes": [
            "710d9544-77ef-4425-b685-d24872010140",
            "2b1963b7-186d-4edb-abe2-545010ab0c7c",
            "3796ac8f-ff21-4de5-b65d-0342bf828d66",
            "96f1ab3f-44e7-456e-a67e-b32e14470c10",
            "52385da2-946c-45b6-a492-ebaded8ba769",
            "bd644020-a674-494e-ae28-292f13c9af06",
            "a95ae2f7-881e-401c-a326-bdd6b0550ea3",
            "21152afd-455d-4c88-a55d-787903adf65d",
            "b222ee85-4bfd-4644-8d11-95ae9e60a898",
            "a669c4ec-5859-43dd-812b-8ef5acaa435b",
            "bef2c956-2329-410b-ab4b-e0fdf8c9be5a",
            "4e7bca68-df47-418b-90b5-6ee80c5e1257",
            "71685364-7224-422e-88e2-9dca43047985"
          ],
          "failures": [],
          "pending": [],
          "skipped": [],
          "duration": 75071,
          "root": false,
          "rootEmpty": false,
          "_timeout": 2000
        }
      ],
      "passes": [],
      "failures": [],
      "pending": [],
      "skipped": [],
      "duration": 0,
      "root": true,
      "rootEmpty": true,
      "_timeout": 2000
    }
  ],
  "meta": {
    "mocha": {
      "version": "7.0.1"
    },
    "mochawesome": {
      "options": {
        "quiet": false,
        "reportFilename": "mochawesome",
        "saveHtml": false,
        "saveJson": true,
        "consoleReporter": "spec",
        "useInlineDiffs": false,
        "code": true
      },
      "version": "6.3.1"
    },
    "marge": {
      "options": {
        "reportDir": "cypress/report/mocha",
        "overwrite": false,
        "html": false,
        "json": true,
        "timestamp": "mmddyyyy_HHMMss"
      },
      "version": "5.2.0"
    }
  }
}