{
  "stats": {
    "suites": 1,
    "tests": 12,
    "passes": 12,
    "pending": 0,
    "failures": 0,
    "start": "2021-10-30T15:21:50.266Z",
    "end": "2021-10-30T15:22:41.171Z",
    "duration": 50905,
    "testsRegistered": 12,
    "passPercent": 100,
    "pendingPercent": 0,
    "other": 0,
    "hasOther": false,
    "skipped": 0,
    "hasSkipped": false
  },
  "results": [
    {
      "uuid": "0f9d300b-6682-409e-864b-50a29fb01ff3",
      "title": "",
      "fullFile": "cypress/integration/tasks/tasks_student.spec.js",
      "file": "cypress/integration/tasks/tasks_student.spec.js",
      "beforeHooks": [],
      "afterHooks": [],
      "tests": [],
      "suites": [
        {
          "uuid": "50601afe-6415-4446-97f2-f79424949e79",
          "title": "Test tasks page - student account",
          "fullFile": "",
          "file": "",
          "beforeHooks": [],
          "afterHooks": [],
          "tests": [
            {
              "title": "Test screen name",
              "fullTitle": "Test tasks page - student account Test screen name",
              "timedOut": null,
              "duration": 9793,
              "state": "passed",
              "speed": "slow",
              "pass": true,
              "fail": false,
              "pending": false,
              "context": null,
              "code": "cy.get('.task-title').should('contain', 'Công việc');",
              "err": {},
              "uuid": "bda9bef1-6866-4a4b-9667-f17acf982834",
              "parentUUID": "50601afe-6415-4446-97f2-f79424949e79",
              "isHook": false,
              "skipped": false
            },
            {
              "title": "Check table filter default value",
              "fullTitle": "Test tasks page - student account Check table filter default value",
              "timedOut": null,
              "duration": 4261,
              "state": "passed",
              "speed": "slow",
              "pass": true,
              "fail": false,
              "pending": false,
              "context": null,
              "code": "cy.get('div[name=\"select1\"] select').should('contain', 'ID');\ncy.get('div[name=\"select2\"] select').should('contain', 'Tăng dần');\ncy.get('div[name=\"select3\"] select').should('contain', '10');",
              "err": {},
              "uuid": "a5777929-27bf-44ad-9664-f644250c946f",
              "parentUUID": "50601afe-6415-4446-97f2-f79424949e79",
              "isHook": false,
              "skipped": false
            },
            {
              "title": "Check search input placeholder",
              "fullTitle": "Test tasks page - student account Check search input placeholder",
              "timedOut": null,
              "duration": 3576,
              "state": "passed",
              "speed": "slow",
              "pass": true,
              "fail": false,
              "pending": false,
              "context": null,
              "code": "cy.get('.task-search').invoke('attr', 'placeholder').should('equal', 'ID, tên công việc, người liên quan');",
              "err": {},
              "uuid": "a108f2b7-566a-4e38-9d6d-a43114bf157c",
              "parentUUID": "50601afe-6415-4446-97f2-f79424949e79",
              "isHook": false,
              "skipped": false
            },
            {
              "title": "Test table filter - sort by",
              "fullTitle": "Test tasks page - student account Test table filter - sort by",
              "timedOut": null,
              "duration": 4310,
              "state": "passed",
              "speed": "slow",
              "pass": true,
              "fail": false,
              "pending": false,
              "context": null,
              "code": "cy.get('div[name=\"select2\"] select').as('sortASC');\ncy.get('div[name=\"select1\"] select').as('sortBy');\ncy.get('div[name=\"select1\"] select option').as('options').its('length').then(length => {\n  const rand = randomBetween(0, length - 1);\n  cy.get('@options').eq(rand).invoke('attr', 'value').then(value => {\n    cy.get('@sortBy').select(value);\n    cy.wait(1000);\n    cy.get(`tr td.${value}`).as('filteredList').its('length').then(len => {\n      if (len) {\n        for (let i = 0; i < len - 1; i++) {\n          cy.get('@filteredList').eq(i).invoke('text').then(value => {\n            cy.get('@filteredList').eq(i + 1).invoke('text').then(value2 => {\n              cy.get('@sortASC').invoke('val').then(ascending => {\n                const asc = !!parseInt(ascending);\n                expect(value2 >= value || parseInt(value2) > parseInt(value) || !!value2.localeCompare(value)).to.equal(asc);\n              });\n            });\n          });\n        }\n      }\n    });\n  });\n});",
              "err": {},
              "uuid": "84c26bdc-8703-4046-a8a2-9d21dc49e39b",
              "parentUUID": "50601afe-6415-4446-97f2-f79424949e79",
              "isHook": false,
              "skipped": false
            },
            {
              "title": "Test table filter - showing records",
              "fullTitle": "Test tasks page - student account Test table filter - showing records",
              "timedOut": null,
              "duration": 2099,
              "state": "passed",
              "speed": "slow",
              "pass": true,
              "fail": false,
              "pending": false,
              "context": null,
              "code": "cy.get('div[name=\"select3\"] select').invoke('val').then(value => {\n  const perPage = parseInt(value);\n  cy.get('tr td.id').its('length').then(length => assert.isAtMost(length, perPage));\n});",
              "err": {},
              "uuid": "27a32cd6-381e-4844-b448-cbd79e1e8e94",
              "parentUUID": "50601afe-6415-4446-97f2-f79424949e79",
              "isHook": false,
              "skipped": false
            },
            {
              "title": "Test table filters",
              "fullTitle": "Test tasks page - student account Test table filters",
              "timedOut": null,
              "duration": 4821,
              "state": "passed",
              "speed": "slow",
              "pass": true,
              "fail": false,
              "pending": false,
              "context": null,
              "code": "const DELAY = 500;\nconst perPage = 25;\ncy.get('div[name=\"select2\"] select').select('0');\ncy.get('div[name=\"select3\"] select').select(`${perPage}`);\ncy.wait(DELAY);\ncy.get('tr td.id').as('list').its('length').then(length => {\n  assert.isAtMost(length, perPage);\n  for (let i = 0; i < length - 1; i++) {\n    cy.get('@list').eq(i).invoke('text').then(value => {\n      cy.get('@list').eq(i + 1).invoke('text').then(value2 => {\n        expect(value2 < value || parseInt(value2) < parseInt(value)).to.equal(true);\n      });\n    });\n  }\n});",
              "err": {},
              "uuid": "d286d059-b28e-44d6-a01d-601dcdf1c482",
              "parentUUID": "50601afe-6415-4446-97f2-f79424949e79",
              "isHook": false,
              "skipped": false
            },
            {
              "title": "Search with random string",
              "fullTitle": "Test tasks page - student account Search with random string",
              "timedOut": null,
              "duration": 3741,
              "state": "passed",
              "speed": "slow",
              "pass": true,
              "fail": false,
              "pending": false,
              "context": null,
              "code": "cy.get('.task-search').type(randomString()).then(() => {\n  cy.wait(1000);\n  cy.get('tr td.id').should('not.exist');\n});",
              "err": {},
              "uuid": "9b2269ec-0ffa-469d-bbd3-a6343d06f97e",
              "parentUUID": "50601afe-6415-4446-97f2-f79424949e79",
              "isHook": false,
              "skipped": false
            },
            {
              "title": "Search task by name",
              "fullTitle": "Test tasks page - student account Search task by name",
              "timedOut": null,
              "duration": 4113,
              "state": "passed",
              "speed": "slow",
              "pass": true,
              "fail": false,
              "pending": false,
              "context": null,
              "code": "cy.get('tr td.name').then($names => {\n  const rand = randomBetween(0, $names.length - 1);\n  cy.wrap($names).eq(rand).invoke('text').then(name => {\n    cy.get('.task-search').type(name).then(() => {\n      cy.wait(1000);\n      cy.get('tr td.name').should('contain', name);\n    });\n  });\n});",
              "err": {},
              "uuid": "e4dddd57-b1dc-4f8d-950c-32a7870aa96a",
              "parentUUID": "50601afe-6415-4446-97f2-f79424949e79",
              "isHook": false,
              "skipped": false
            },
            {
              "title": "Search task by id",
              "fullTitle": "Test tasks page - student account Search task by id",
              "timedOut": null,
              "duration": 3665,
              "state": "passed",
              "speed": "slow",
              "pass": true,
              "fail": false,
              "pending": false,
              "context": null,
              "code": "cy.get('tr td.id').then($ids => {\n  const rand = randomBetween(0, $ids.length - 1);\n  cy.wrap($ids).eq(rand).invoke('text').then(id => {\n    cy.get('.task-search').type(id).then(() => {\n      cy.wait(1000);\n      cy.get('tr td.id').should('contain', id);\n    });\n  });\n});",
              "err": {},
              "uuid": "d29e98a0-8540-479d-b25b-3e18b7851807",
              "parentUUID": "50601afe-6415-4446-97f2-f79424949e79",
              "isHook": false,
              "skipped": false
            },
            {
              "title": "Check table header",
              "fullTitle": "Test tasks page - student account Check table header",
              "timedOut": null,
              "duration": 2917,
              "state": "passed",
              "speed": "slow",
              "pass": true,
              "fail": false,
              "pending": false,
              "context": null,
              "code": "cy.get('tr > th').as('header');\ncy.get('@header').eq(0).should('contain', 'ID');\ncy.get('@header').eq(1).should('contain', 'Tên');\ncy.get('@header').eq(2).should('contain', 'Kì hạn');\ncy.get('@header').eq(3).should('contain', 'Tiến độ');\ncy.get('@header').eq(4).should('contain', 'Được giao bởi');\ncy.get('@header').eq(5).should('contain', 'Trạng thái');\ncy.get('@header').eq(6).should('contain', 'Hành động');",
              "err": {},
              "uuid": "555f57b2-d7e6-4e3a-b8e6-4bf7e7343332",
              "parentUUID": "50601afe-6415-4446-97f2-f79424949e79",
              "isHook": false,
              "skipped": false
            },
            {
              "title": "Click on task row then show task detail",
              "fullTitle": "Test tasks page - student account Click on task row then show task detail",
              "timedOut": null,
              "duration": 2403,
              "state": "passed",
              "speed": "slow",
              "pass": true,
              "fail": false,
              "pending": false,
              "context": null,
              "code": "cy.get('tr').then($rows => {\n  const rand = randomBetween(0, $rows.length - 1);\n  cy.wrap($rows).eq(rand).click({\n    force: true\n  }).then(() => cy.get('.expanded-row').should('be.visible'));\n});",
              "err": {},
              "uuid": "dd273134-9cb7-4c78-aa4f-05d7205bb564",
              "parentUUID": "50601afe-6415-4446-97f2-f79424949e79",
              "isHook": false,
              "skipped": false
            },
            {
              "title": "Edit task button working",
              "fullTitle": "Test tasks page - student account Edit task button working",
              "timedOut": null,
              "duration": 4432,
              "state": "passed",
              "speed": "slow",
              "pass": true,
              "fail": false,
              "pending": false,
              "context": null,
              "code": "cy.get('.edit-task').then($btns => {\n  const rand = randomBetween(0, $btns.length - 1);\n  cy.wrap($btns).eq(rand).click().then(() => {\n    cy.url().should('contain', '/edit');\n  });\n});",
              "err": {},
              "uuid": "2d51c8fc-ce06-49a3-a2a9-38ec1172f566",
              "parentUUID": "50601afe-6415-4446-97f2-f79424949e79",
              "isHook": false,
              "skipped": false
            }
          ],
          "suites": [],
          "passes": [
            "bda9bef1-6866-4a4b-9667-f17acf982834",
            "a5777929-27bf-44ad-9664-f644250c946f",
            "a108f2b7-566a-4e38-9d6d-a43114bf157c",
            "84c26bdc-8703-4046-a8a2-9d21dc49e39b",
            "27a32cd6-381e-4844-b448-cbd79e1e8e94",
            "d286d059-b28e-44d6-a01d-601dcdf1c482",
            "9b2269ec-0ffa-469d-bbd3-a6343d06f97e",
            "e4dddd57-b1dc-4f8d-950c-32a7870aa96a",
            "d29e98a0-8540-479d-b25b-3e18b7851807",
            "555f57b2-d7e6-4e3a-b8e6-4bf7e7343332",
            "dd273134-9cb7-4c78-aa4f-05d7205bb564",
            "2d51c8fc-ce06-49a3-a2a9-38ec1172f566"
          ],
          "failures": [],
          "pending": [],
          "skipped": [],
          "duration": 50131,
          "root": false,
          "rootEmpty": false,
          "_timeout": 2000
        }
      ],
      "passes": [],
      "failures": [],
      "pending": [],
      "skipped": [],
      "duration": 0,
      "root": true,
      "rootEmpty": true,
      "_timeout": 2000
    }
  ],
  "meta": {
    "mocha": {
      "version": "7.0.1"
    },
    "mochawesome": {
      "options": {
        "quiet": false,
        "reportFilename": "mochawesome",
        "saveHtml": false,
        "saveJson": true,
        "consoleReporter": "spec",
        "useInlineDiffs": false,
        "code": true
      },
      "version": "6.3.1"
    },
    "marge": {
      "options": {
        "reportDir": "cypress/report/mocha",
        "overwrite": false,
        "html": false,
        "json": true,
        "timestamp": "mmddyyyy_HHMMss"
      },
      "version": "5.2.0"
    }
  }
}